{"meta": {"format": 3, "version": "7.13.4", "timestamp": "2026-02-18T09:38:38.861905", "branch_coverage": true, "show_contexts": false}, "files": {"src\\provara\\__init__.py": {"executed_lines": [14, 15, 16, 18, 19, 27, 28, 29, 30, 31, 32, 33, 36, 39, 40, 42, 43, 69, 76, 84, 86, 102, 113, 137, 138, 139, 142, 145, 146, 147, 148, 149, 152, 161, 162, 165, 168, 169, 171, 173, 189, 239, 340, 382, 426, 483, 536, 538, 548, 561, 562, 563, 564, 565, 570, 571, 572, 575, 591, 597, 603, 604], "summary": {"covered_lines": 62, "num_statements": 152, "percent_covered": 38.333333333333336, "percent_covered_display": "38", "missing_lines": 90, "excluded_lines": 0, "percent_statements_covered": 40.78947368421053, "percent_statements_covered_display": "41", "num_branches": 28, "num_partial_branches": 1, "covered_branches": 7, "missing_branches": 21, "percent_branches_covered": 25.0, "percent_branches_covered_display": "25"}, "missing_lines": [77, 96, 97, 98, 99, 100, 111, 183, 184, 185, 186, 187, 209, 210, 211, 216, 220, 221, 223, 237, 258, 259, 262, 265, 266, 267, 269, 270, 272, 280, 287, 288, 291, 297, 298, 307, 321, 329, 364, 369, 370, 372, 380, 404, 406, 415, 424, 438, 440, 441, 444, 445, 446, 447, 448, 455, 456, 457, 458, 460, 462, 463, 465, 470, 477, 479, 481, 492, 493, 494, 495, 497, 500, 514, 515, 517, 518, 520, 522, 523, 524, 525, 527, 566, 567, 588, 593, 594, 599, 600], "excluded_lines": [], "executed_branches": [[76, 84], [147, 148], [147, 152], [148, 147], [148, 149], [561, 562], [561, 572]], "missing_branches": [[76, 77], [210, 211], [210, 216], [297, 298], [297, 307], [369, 370], [369, 372], [455, 456], [455, 481], [457, 455], [457, 458], [458, 455], [458, 460], [494, 495], [494, 497], [517, 518], [517, 520], [522, 523], [522, 524], [524, 525], [524, 527]], "functions": {"Vault.__init__": {"executed_lines": [40], "summary": {"covered_lines": 1, "num_statements": 1, "percent_covered": 100.0, "percent_covered_display": "100", "missing_lines": 0, "excluded_lines": 0, "percent_statements_covered": 100.0, "percent_statements_covered_display": "100", "num_branches": 0, "num_partial_branches": 0, "covered_branches": 0, "missing_branches": 0, "percent_branches_covered": 100.0, "percent_branches_covered_display": "100"}, "missing_lines": [], "excluded_lines": [], "start_line": 39, "executed_branches": [], "missing_branches": []}, "Vault.create": {"executed_lines": [69, 76, 84], "summary": {"covered_lines": 3, "num_statements": 4, "percent_covered": 66.66666666666667, "percent_covered_display": "67", "missing_lines": 1, "excluded_lines": 0, "percent_statements_covered": 75.0, "percent_statements_covered_display": "75", "num_branches": 2, "num_partial_branches": 1, "covered_branches": 1, "missing_branches": 1, "percent_branches_covered": 50.0, "percent_branches_covered_display": "50"}, "missing_lines": [77], "excluded_lines": [], "start_line": 43, "executed_branches": [[76, 84]], "missing_branches": [[76, 77]]}, "Vault.replay_state": {"executed_lines": [], "summary": {"covered_lines": 0, "num_statements": 5, "percent_covered": 0.0, "percent_covered_display": "0", "missing_lines": 5, "excluded_lines": 0, "percent_statements_covered": 0.0, "percent_statements_covered_display": "0", "num_branches": 0, "num_partial_branches": 0, "covered_branches": 0, "missing_branches": 0, "percent_branches_covered": 100.0, "percent_branches_covered_display": "100"}, "missing_lines": [96, 97, 98, 99, 100], "excluded_lines": [], "start_line": 86, "executed_branches": [], "missing_branches": []}, "Vault.sync_from": {"executed_lines": [], "summary": {"covered_lines": 0, "num_statements": 1, "percent_covered": 0.0, "percent_covered_display": "0", "missing_lines": 1, "excluded_lines": 0, "percent_statements_covered": 0.0, "percent_statements_covered_display": "0", "num_branches": 0, "num_partial_branches": 0, "covered_branches": 0, "missing_branches": 0, "percent_branches_covered": 100.0, "percent_branches_covered_display": "100"}, "missing_lines": [111], "excluded_lines": [], "start_line": 102, "executed_branches": [], "missing_branches": []}, "Vault.append_event": {"executed_lines": [137, 138, 139, 142, 145, 146, 147, 148, 149, 152, 161, 162, 165, 168, 169, 171], "summary": {"covered_lines": 16, "num_statements": 16, "percent_covered": 100.0, "percent_covered_display": "100", "missing_lines": 0, "excluded_lines": 0, "percent_statements_covered": 100.0, "percent_statements_covered_display": "100", "num_branches": 4, "num_partial_branches": 0, "covered_branches": 4, "missing_branches": 0, "percent_branches_covered": 100.0, "percent_branches_covered_display": "100"}, "missing_lines": [], "excluded_lines": [], "start_line": 113, "executed_branches": [[147, 148], [147, 152], [148, 147], [148, 149]], "missing_branches": []}, "Vault.checkpoint": {"executed_lines": [], "summary": {"covered_lines": 0, "num_statements": 5, "percent_covered": 0.0, "percent_covered_display": "0", "missing_lines": 5, "excluded_lines": 0, "percent_statements_covered": 0.0, "percent_statements_covered_display": "0", "num_branches": 0, "num_partial_branches": 0, "covered_branches": 0, "missing_branches": 0, "percent_branches_covered": 100.0, "percent_branches_covered_display": "100"}, "missing_lines": [183, 184, 185, 186, 187], "excluded_lines": [], "start_line": 173, "executed_branches": [], "missing_branches": []}, "Vault.anchor_to_l2": {"executed_lines": [], "summary": {"covered_lines": 0, "num_statements": 8, "percent_covered": 0.0, "percent_covered_display": "0", "missing_lines": 8, "excluded_lines": 0, "percent_statements_covered": 0.0, "percent_statements_covered_display": "0", "num_branches": 2, "num_partial_branches": 0, "covered_branches": 0, "missing_branches": 2, "percent_branches_covered": 0.0, "percent_branches_covered_display": "0"}, "missing_lines": [209, 210, 211, 216, 220, 221, 223, 237], "excluded_lines": [], "start_line": 189, "executed_branches": [], "missing_branches": [[210, 211], [210, 216]]}, "Vault.create_agent": {"executed_lines": [], "summary": {"covered_lines": 0, "num_statements": 18, "percent_covered": 0.0, "percent_covered_display": "0", "missing_lines": 18, "excluded_lines": 0, "percent_statements_covered": 0.0, "percent_statements_covered_display": "0", "num_branches": 2, "num_partial_branches": 0, "covered_branches": 0, "missing_branches": 2, "percent_branches_covered": 0.0, "percent_branches_covered_display": "0"}, "missing_lines": [258, 259, 262, 265, 266, 267, 269, 270, 272, 280, 287, 288, 291, 297, 298, 307, 321, 329], "excluded_lines": [], "start_line": 239, "executed_branches": [], "missing_branches": [[297, 298], [297, 307]]}, "Vault.log_task": {"executed_lines": [], "summary": {"covered_lines": 0, "num_statements": 5, "percent_covered": 0.0, "percent_covered_display": "0", "missing_lines": 5, "excluded_lines": 0, "percent_statements_covered": 0.0, "percent_statements_covered_display": "0", "num_branches": 2, "num_partial_branches": 0, "covered_branches": 0, "missing_branches": 2, "percent_branches_covered": 0.0, "percent_branches_covered_display": "0"}, "missing_lines": [364, 369, 370, 372, 380], "excluded_lines": [], "start_line": 340, "executed_branches": [], "missing_branches": [[369, 370], [369, 372]]}, "Vault.send_message": {"executed_lines": [], "summary": {"covered_lines": 0, "num_statements": 4, "percent_covered": 0.0, "percent_covered_display": "0", "missing_lines": 4, "excluded_lines": 0, "percent_statements_covered": 0.0, "percent_statements_covered_display": "0", "num_branches": 0, "num_partial_branches": 0, "covered_branches": 0, "missing_branches": 0, "percent_branches_covered": 100.0, "percent_branches_covered_display": "100"}, "missing_lines": [404, 406, 415, 424], "excluded_lines": [], "start_line": 382, "executed_branches": [], "missing_branches": []}, "Vault.get_messages": {"executed_lines": [], "summary": {"covered_lines": 0, "num_statements": 20, "percent_covered": 0.0, "percent_covered_display": "0", "missing_lines": 20, "excluded_lines": 0, "percent_statements_covered": 0.0, "percent_statements_covered_display": "0", "num_branches": 6, "num_partial_branches": 0, "covered_branches": 0, "missing_branches": 6, "percent_branches_covered": 0.0, "percent_branches_covered_display": "0"}, "missing_lines": [438, 440, 441, 444, 445, 446, 447, 448, 455, 456, 457, 458, 460, 462, 463, 465, 470, 477, 479, 481], "excluded_lines": [], "start_line": 426, "executed_branches": [], "missing_branches": [[455, 456], [455, 481], [457, 455], [457, 458], [458, 455], [458, 460]]}, "Vault.check_safety": {"executed_lines": [], "summary": {"covered_lines": 0, "num_statements": 16, "percent_covered": 0.0, "percent_covered_display": "0", "missing_lines": 16, "excluded_lines": 0, "percent_statements_covered": 0.0, "percent_statements_covered_display": "0", "num_branches": 8, "num_partial_branches": 0, "covered_branches": 0, "missing_branches": 8, "percent_branches_covered": 0.0, "percent_branches_covered_display": "0"}, "missing_lines": [492, 493, 494, 495, 497, 500, 514, 515, 517, 518, 520, 522, 523, 524, 525, 527], "excluded_lines": [], "start_line": 483, "executed_branches": [], "missing_branches": [[494, 495], [494, 497], [517, 518], [517, 520], [522, 523], [522, 524], [524, 525], [524, 527]]}, "__getattr__": {"executed_lines": [561, 562, 563, 564, 565, 570, 571, 572], "summary": {"covered_lines": 8, "num_statements": 10, "percent_covered": 83.33333333333333, "percent_covered_display": "83", "missing_lines": 2, "excluded_lines": 0, "percent_statements_covered": 80.0, "percent_statements_covered_display": "80", "num_branches": 2, "num_partial_branches": 0, "covered_branches": 2, "missing_branches": 0, "percent_branches_covered": 100.0, "percent_branches_covered_display": "100"}, "missing_lines": [566, 567], "excluded_lines": [], "start_line": 548, "executed_branches": [[561, 562], [561, 572]], "missing_branches": []}, "check_safety": {"executed_lines": [], "summary": {"covered_lines": 0, "num_statements": 1, "percent_covered": 0.0, "percent_covered_display": "0", "missing_lines": 1, "excluded_lines": 0, "percent_statements_covered": 0.0, "percent_statements_covered_display": "0", "num_branches": 0, "num_partial_branches": 0, "covered_branches": 0, "missing_branches": 0, "percent_branches_covered": 100.0, "percent_branches_covered_display": "100"}, "missing_lines": [588], "excluded_lines": [], "start_line": 575, "executed_branches": [], "missing_branches": []}, "sync_backpacks": {"executed_lines": [], "summary": {"covered_lines": 0, "num_statements": 2, "percent_covered": 0.0, "percent_covered_display": "0", "missing_lines": 2, "excluded_lines": 0, "percent_statements_covered": 0.0, "percent_statements_covered_display": "0", "num_branches": 0, "num_partial_branches": 0, "covered_branches": 0, "missing_branches": 0, "percent_branches_covered": 100.0, "percent_branches_covered_display": "100"}, "missing_lines": [593, 594], "excluded_lines": [], "start_line": 591, "executed_branches": [], "missing_branches": []}, "load_events": {"executed_lines": [], "summary": {"covered_lines": 0, "num_statements": 2, "percent_covered": 0.0, "percent_covered_display": "0", "missing_lines": 2, "excluded_lines": 0, "percent_statements_covered": 0.0, "percent_statements_covered_display": "0", "num_branches": 0, "num_partial_branches": 0, "covered_branches": 0, "missing_branches": 0, "percent_branches_covered": 100.0, "percent_branches_covered_display": "100"}, "missing_lines": [599, 600], "excluded_lines": [], "start_line": 597, "executed_branches": [], "missing_branches": []}, "": {"executed_lines": [14, 15, 16, 18, 19, 27, 28, 29, 30, 31, 32, 33, 36, 39, 42, 43, 86, 102, 113, 173, 189, 239, 340, 382, 426, 483, 536, 538, 548, 575, 591, 597, 603, 604], "summary": {"covered_lines": 34, "num_statements": 34, "percent_covered": 100.0, "percent_covered_display": "100", "missing_lines": 0, "excluded_lines": 0, "percent_statements_covered": 100.0, "percent_statements_covered_display": "100", "num_branches": 0, "num_partial_branches": 0, "covered_branches": 0, "missing_branches": 0, "percent_branches_covered": 100.0, "percent_branches_covered_display": "100"}, "missing_lines": [], "excluded_lines": [], "start_line": 1, "executed_branches": [], "missing_branches": []}}, "classes": {"Vault": {"executed_lines": [40, 69, 76, 84, 137, 138, 139, 142, 145, 146, 147, 148, 149, 152, 161, 162, 165, 168, 169, 171], "summary": {"covered_lines": 20, "num_statements": 103, "percent_covered": 19.37984496124031, "percent_covered_display": "19", "missing_lines": 83, "excluded_lines": 0, "percent_statements_covered": 19.41747572815534, "percent_statements_covered_display": "19", "num_branches": 26, "num_partial_branches": 1, "covered_branches": 5, "missing_branches": 21, "percent_branches_covered": 19.23076923076923, "percent_branches_covered_display": "19"}, "missing_lines": [77, 96, 97, 98, 99, 100, 111, 183, 184, 185, 186, 187, 209, 210, 211, 216, 220, 221, 223, 237, 258, 259, 262, 265, 266, 267, 269, 270, 272, 280, 287, 288, 291, 297, 298, 307, 321, 329, 364, 369, 370, 372, 380, 404, 406, 415, 424, 438, 440, 441, 444, 445, 446, 447, 448, 455, 456, 457, 458, 460, 462, 463, 465, 470, 477, 479, 481, 492, 493, 494, 495, 497, 500, 514, 515, 517, 518, 520, 522, 523, 524, 525, 527], "excluded_lines": [], "start_line": 36, "executed_branches": [[76, 84], [147, 148], [147, 152], [148, 147], [148, 149]], "missing_branches": [[76, 77], [210, 211], [210, 216], [297, 298], [297, 307], [369, 370], [369, 372], [455, 456], [455, 481], [457, 455], [457, 458], [458, 455], [458, 460], [494, 495], [494, 497], [517, 518], [517, 520], [522, 523], [522, 524], [524, 525], [524, 527]]}, "": {"executed_lines": [14, 15, 16, 18, 19, 27, 28, 29, 30, 31, 32, 33, 36, 39, 42, 43, 86, 102, 113, 173, 189, 239, 340, 382, 426, 483, 536, 538, 548, 561, 562, 563, 564, 565, 570, 571, 572, 575, 591, 597, 603, 604], "summary": {"covered_lines": 42, "num_statements": 49, "percent_covered": 86.27450980392157, "percent_covered_display": "86", "missing_lines": 7, "excluded_lines": 0, "percent_statements_covered": 85.71428571428571, "percent_statements_covered_display": "86", "num_branches": 2, "num_partial_branches": 0, "covered_branches": 2, "missing_branches": 0, "percent_branches_covered": 100.0, "percent_branches_covered_display": "100"}, "missing_lines": [566, 567, 588, 593, 594, 599, 600], "excluded_lines": [], "start_line": 1, "executed_branches": [[561, 562], [561, 572]], "missing_branches": []}}}, "src\\provara\\agent_loop.py": {"executed_lines": [], "summary": {"covered_lines": 0, "num_statements": 34, "percent_covered": 0.0, "percent_covered_display": "0", "missing_lines": 34, "excluded_lines": 0, "percent_statements_covered": 0.0, "percent_statements_covered_display": "0", "num_branches": 6, "num_partial_branches": 0, "covered_branches": 0, "missing_branches": 6, "percent_branches_covered": 0.0, "percent_branches_covered_display": "0"}, "missing_lines": [8, 9, 10, 11, 12, 14, 16, 25, 26, 27, 28, 30, 32, 34, 35, 38, 39, 40, 42, 59, 62, 64, 65, 66, 67, 68, 71, 72, 73, 74, 77, 79, 81, 83], "excluded_lines": [], "executed_branches": [], "missing_branches": [[34, 35], [34, 83], [64, 65], [64, 81], [71, 72], [71, 79]], "functions": {"run_alpha_loop": {"executed_lines": [], "summary": {"covered_lines": 0, "num_statements": 27, "percent_covered": 0.0, "percent_covered_display": "0", "missing_lines": 27, "excluded_lines": 0, "percent_statements_covered": 0.0, "percent_statements_covered_display": "0", "num_branches": 6, "num_partial_branches": 0, "covered_branches": 0, "missing_branches": 6, "percent_branches_covered": 0.0, "percent_branches_covered_display": "0"}, "missing_lines": [25, 26, 27, 28, 30, 32, 34, 35, 38, 39, 40, 42, 59, 62, 64, 65, 66, 67, 68, 71, 72, 73, 74, 77, 79, 81, 83], "excluded_lines": [], "start_line": 16, "executed_branches": [], "missing_branches": [[34, 35], [34, 83], [64, 65], [64, 81], [71, 72], [71, 79]]}, "": {"executed_lines": [], "summary": {"covered_lines": 0, "num_statements": 7, "percent_covered": 0.0, "percent_covered_display": "0", "missing_lines": 7, "excluded_lines": 0, "percent_statements_covered": 0.0, "percent_statements_covered_display": "0", "num_branches": 0, "num_partial_branches": 0, "covered_branches": 0, "missing_branches": 0, "percent_branches_covered": 100.0, "percent_branches_covered_display": "100"}, "missing_lines": [8, 9, 10, 11, 12, 14, 16], "excluded_lines": [], "start_line": 1, "executed_branches": [], "missing_branches": []}}, "classes": {"": {"executed_lines": [], "summary": {"covered_lines": 0, "num_statements": 34, "percent_covered": 0.0, "percent_covered_display": "0", "missing_lines": 34, "excluded_lines": 0, "percent_statements_covered": 0.0, "percent_statements_covered_display": "0", "num_branches": 6, "num_partial_branches": 0, "covered_branches": 0, "missing_branches": 6, "percent_branches_covered": 0.0, "percent_branches_covered_display": "0"}, "missing_lines": [8, 9, 10, 11, 12, 14, 16, 25, 26, 27, 28, 30, 32, 34, 35, 38, 39, 40, 42, 59, 62, 64, 65, 66, 67, 68, 71, 72, 73, 74, 77, 79, 81, 83], "excluded_lines": [], "start_line": 1, "executed_branches": [], "missing_branches": [[34, 35], [34, 83], [64, 65], [64, 81], [71, 72], [71, 79]]}}}, "src\\provara\\backpack_integrity.py": {"executed_lines": [13, 14, 15, 16, 17, 18, 20, 27, 29, 38, 39, 46, 48, 49, 50, 51, 52, 53, 54, 55, 58, 59, 66, 74, 77, 78, 79, 80, 81, 82, 83, 84, 85, 92, 99, 100, 103, 104, 105, 108, 109, 110, 111, 116, 121, 122, 131, 136, 137, 138, 139, 142, 146, 147, 156, 164, 174], "summary": {"covered_lines": 57, "num_statements": 69, "percent_covered": 81.72043010752688, "percent_covered_display": "82", "missing_lines": 12, "excluded_lines": 0, "percent_statements_covered": 82.6086956521739, "percent_statements_covered_display": "83", "num_branches": 24, "num_partial_branches": 5, "covered_branches": 19, "missing_branches": 5, "percent_branches_covered": 79.16666666666667, "percent_branches_covered_display": "79"}, "missing_lines": [75, 112, 113, 123, 124, 125, 126, 127, 128, 140, 143, 148], "excluded_lines": [], "executed_branches": [[52, 53], [52, 54], [74, 77], [78, 79], [78, 85], [80, 81], [80, 84], [99, 100], [99, 103], [104, 105], [104, 108], [121, 122], [137, 138], [137, 142], [139, 137], [142, 146], [146, -131], [146, 147], [147, 146]], "missing_branches": [[74, 75], [121, 123], [139, 140], [142, 143], [147, 148]], "functions": {"canonical_json_bytes": {"executed_lines": [29], "summary": {"covered_lines": 1, "num_statements": 1, "percent_covered": 100.0, "percent_covered_display": "100", "missing_lines": 0, "excluded_lines": 0, "percent_statements_covered": 100.0, "percent_statements_covered_display": "100", "num_branches": 0, "num_partial_branches": 0, "covered_branches": 0, "missing_branches": 0, "percent_branches_covered": 100.0, "percent_branches_covered_display": "100"}, "missing_lines": [], "excluded_lines": [], "start_line": 27, "executed_branches": [], "missing_branches": []}, "canonical_json_str": {"executed_lines": [39], "summary": {"covered_lines": 1, "num_statements": 1, "percent_covered": 100.0, "percent_covered_display": "100", "missing_lines": 0, "excluded_lines": 0, "percent_statements_covered": 100.0, "percent_statements_covered_display": "100", "num_branches": 0, "num_partial_branches": 0, "covered_branches": 0, "missing_branches": 0, "percent_branches_covered": 100.0, "percent_branches_covered_display": "100"}, "missing_lines": [], "excluded_lines": [], "start_line": 38, "executed_branches": [], "missing_branches": []}, "sha256_file": {"executed_lines": [48, 49, 50, 51, 52, 53, 54, 55], "summary": {"covered_lines": 8, "num_statements": 8, "percent_covered": 100.0, "percent_covered_display": "100", "missing_lines": 0, "excluded_lines": 0, "percent_statements_covered": 100.0, "percent_statements_covered_display": "100", "num_branches": 2, "num_partial_branches": 0, "covered_branches": 2, "missing_branches": 0, "percent_branches_covered": 100.0, "percent_branches_covered_display": "100"}, "missing_lines": [], "excluded_lines": [], "start_line": 46, "executed_branches": [[52, 53], [52, 54]], "missing_branches": []}, "sha256_bytes": {"executed_lines": [59], "summary": {"covered_lines": 1, "num_statements": 1, "percent_covered": 100.0, "percent_covered_display": "100", "missing_lines": 0, "excluded_lines": 0, "percent_statements_covered": 100.0, "percent_statements_covered_display": "100", "num_branches": 0, "num_partial_branches": 0, "covered_branches": 0, "missing_branches": 0, "percent_branches_covered": 100.0, "percent_branches_covered_display": "100"}, "missing_lines": [], "excluded_lines": [], "start_line": 58, "executed_branches": [], "missing_branches": []}, "merkle_root_hex": {"executed_lines": [74, 77, 78, 79, 80, 81, 82, 83, 84, 85], "summary": {"covered_lines": 10, "num_statements": 11, "percent_covered": 88.23529411764706, "percent_covered_display": "88", "missing_lines": 1, "excluded_lines": 0, "percent_statements_covered": 90.9090909090909, "percent_statements_covered_display": "91", "num_branches": 6, "num_partial_branches": 1, "covered_branches": 5, "missing_branches": 1, "percent_branches_covered": 83.33333333333333, "percent_branches_covered_display": "83"}, "missing_lines": [75], "excluded_lines": [], "start_line": 66, "executed_branches": [[74, 77], [78, 79], [78, 85], [80, 81], [80, 84]], "missing_branches": [[74, 75]]}, "is_safe_path": {"executed_lines": [99, 100, 103, 104, 105, 108, 109, 110, 111], "summary": {"covered_lines": 9, "num_statements": 11, "percent_covered": 86.66666666666667, "percent_covered_display": "87", "missing_lines": 2, "excluded_lines": 0, "percent_statements_covered": 81.81818181818181, "percent_statements_covered_display": "82", "num_branches": 4, "num_partial_branches": 0, "covered_branches": 4, "missing_branches": 0, "percent_branches_covered": 100.0, "percent_branches_covered_display": "100"}, "missing_lines": [112, 113], "excluded_lines": [], "start_line": 92, "executed_branches": [[99, 100], [99, 103], [104, 105], [104, 108]], "missing_branches": []}, "is_symlink_safe": {"executed_lines": [121, 122], "summary": {"covered_lines": 2, "num_statements": 8, "percent_covered": 30.0, "percent_covered_display": "30", "missing_lines": 6, "excluded_lines": 0, "percent_statements_covered": 25.0, "percent_statements_covered_display": "25", "num_branches": 2, "num_partial_branches": 1, "covered_branches": 1, "missing_branches": 1, "percent_branches_covered": 50.0, "percent_branches_covered_display": "50"}, "missing_lines": [123, 124, 125, 126, 127, 128], "excluded_lines": [], "start_line": 116, "executed_branches": [[121, 122]], "missing_branches": [[121, 123]]}, "validate_vault_structure": {"executed_lines": [136, 137, 138, 139, 142, 146, 147], "summary": {"covered_lines": 7, "num_statements": 10, "percent_covered": 70.0, "percent_covered_display": "70", "missing_lines": 3, "excluded_lines": 0, "percent_statements_covered": 70.0, "percent_statements_covered_display": "70", "num_branches": 10, "num_partial_branches": 3, "covered_branches": 7, "missing_branches": 3, "percent_branches_covered": 70.0, "percent_branches_covered_display": "70"}, "missing_lines": [140, 143, 148], "excluded_lines": [], "start_line": 131, "executed_branches": [[137, 138], [137, 142], [139, 137], [142, 146], [146, -131], [146, 147], [147, 146]], "missing_branches": [[139, 140], [142, 143], [147, 148]]}, "": {"executed_lines": [13, 14, 15, 16, 17, 18, 20, 27, 38, 46, 58, 66, 92, 116, 131, 156, 164, 174], "summary": {"covered_lines": 18, "num_statements": 18, "percent_covered": 100.0, "percent_covered_display": "100", "missing_lines": 0, "excluded_lines": 0, "percent_statements_covered": 100.0, "percent_statements_covered_display": "100", "num_branches": 0, "num_partial_branches": 0, "covered_branches": 0, "missing_branches": 0, "percent_branches_covered": 100.0, "percent_branches_covered_display": "100"}, "missing_lines": [], "excluded_lines": [], "start_line": 1, "executed_branches": [], "missing_branches": []}}, "classes": {"": {"executed_lines": [13, 14, 15, 16, 17, 18, 20, 27, 29, 38, 39, 46, 48, 49, 50, 51, 52, 53, 54, 55, 58, 59, 66, 74, 77, 78, 79, 80, 81, 82, 83, 84, 85, 92, 99, 100, 103, 104, 105, 108, 109, 110, 111, 116, 121, 122, 131, 136, 137, 138, 139, 142, 146, 147, 156, 164, 174], "summary": {"covered_lines": 57, "num_statements": 69, "percent_covered": 81.72043010752688, "percent_covered_display": "82", "missing_lines": 12, "excluded_lines": 0, "percent_statements_covered": 82.6086956521739, "percent_statements_covered_display": "83", "num_branches": 24, "num_partial_branches": 5, "covered_branches": 19, "missing_branches": 5, "percent_branches_covered": 79.16666666666667, "percent_branches_covered_display": "79"}, "missing_lines": [75, 112, 113, 123, 124, 125, 126, 127, 128, 140, 143, 148], "excluded_lines": [], "start_line": 1, "executed_branches": [[52, 53], [52, 54], [74, 77], [78, 79], [78, 85], [80, 81], [80, 84], [99, 100], [99, 103], [104, 105], [104, 108], [121, 122], [137, 138], [137, 142], [139, 137], [142, 146], [146, -131], [146, 147], [147, 146]], "missing_branches": [[74, 75], [121, 123], [139, 140], [142, 143], [147, 148]]}}}, "src\\provara\\backpack_signing.py": {"executed_lines": [26, 27, 28, 29, 30, 31, 32, 33, 35, 39, 45, 47, 54, 60, 61, 68, 69, 71, 72, 73, 74, 76, 77, 79, 80, 81, 82, 83, 84, 91, 93, 96, 98, 104, 115, 117, 118, 121, 123, 124, 131, 148, 149, 152, 153, 155, 156, 157, 160, 169, 170, 171, 173, 174, 175, 176, 179, 180, 182, 183, 184, 185, 186, 193, 205, 207, 213, 214, 216, 225, 231, 232, 233, 235, 236, 237, 238, 241, 242, 244, 245, 246, 247, 250, 251, 253, 260, 262, 263, 264, 265, 266, 267, 268, 271, 276, 277, 278, 279, 280, 281, 282, 283, 284, 285, 286, 287, 294, 296, 297], "summary": {"covered_lines": 110, "num_statements": 110, "percent_covered": 99.2063492063492, "percent_covered_display": "99", "missing_lines": 0, "excluded_lines": 0, "percent_statements_covered": 100.0, "percent_statements_covered_display": "100", "num_branches": 16, "num_partial_branches": 1, "covered_branches": 15, "missing_branches": 1, "percent_branches_covered": 93.75, "percent_branches_covered_display": "94"}, "missing_lines": [], "excluded_lines": [], "executed_branches": [[170, 171], [170, 173], [232, 233], [232, 235], [250, 251], [250, 253], [264, 265], [264, 268], [266, 267], [277, 278], [277, 279], [279, 280], [279, 281], [282, 283], [282, 284]], "missing_branches": [[266, 264]], "functions": {"key_id_from_public_bytes": {"executed_lines": [60, 61], "summary": {"covered_lines": 2, "num_statements": 2, "percent_covered": 100.0, "percent_covered_display": "100", "missing_lines": 0, "excluded_lines": 0, "percent_statements_covered": 100.0, "percent_statements_covered_display": "100", "num_branches": 0, "num_partial_branches": 0, "covered_branches": 0, "missing_branches": 0, "percent_branches_covered": 100.0, "percent_branches_covered_display": "100"}, "missing_lines": [], "excluded_lines": [], "start_line": 54, "executed_branches": [], "missing_branches": []}, "BackpackKeypair.generate": {"executed_lines": [79, 80, 81, 82, 83, 84], "summary": {"covered_lines": 6, "num_statements": 6, "percent_covered": 100.0, "percent_covered_display": "100", "missing_lines": 0, "excluded_lines": 0, "percent_statements_covered": 100.0, "percent_statements_covered_display": "100", "num_branches": 0, "num_partial_branches": 0, "covered_branches": 0, "missing_branches": 0, "percent_branches_covered": 100.0, "percent_branches_covered_display": "100"}, "missing_lines": [], "excluded_lines": [], "start_line": 77, "executed_branches": [], "missing_branches": []}, "BackpackKeypair.private_key_b64": {"executed_lines": [93, 96], "summary": {"covered_lines": 2, "num_statements": 2, "percent_covered": 100.0, "percent_covered_display": "100", "missing_lines": 0, "excluded_lines": 0, "percent_statements_covered": 100.0, "percent_statements_covered_display": "100", "num_branches": 0, "num_partial_branches": 0, "covered_branches": 0, "missing_branches": 0, "percent_branches_covered": 100.0, "percent_branches_covered_display": "100"}, "missing_lines": [], "excluded_lines": [], "start_line": 91, "executed_branches": [], "missing_branches": []}, "BackpackKeypair.to_keys_entry": {"executed_lines": [104], "summary": {"covered_lines": 1, "num_statements": 1, "percent_covered": 100.0, "percent_covered_display": "100", "missing_lines": 0, "excluded_lines": 0, "percent_statements_covered": 100.0, "percent_statements_covered_display": "100", "num_branches": 0, "num_partial_branches": 0, "covered_branches": 0, "missing_branches": 0, "percent_branches_covered": 100.0, "percent_branches_covered_display": "100"}, "missing_lines": [], "excluded_lines": [], "start_line": 98, "executed_branches": [], "missing_branches": []}, "load_private_key_b64": {"executed_lines": [117, 118], "summary": {"covered_lines": 2, "num_statements": 2, "percent_covered": 100.0, "percent_covered_display": "100", "missing_lines": 0, "excluded_lines": 0, "percent_statements_covered": 100.0, "percent_statements_covered_display": "100", "num_branches": 0, "num_partial_branches": 0, "covered_branches": 0, "missing_branches": 0, "percent_branches_covered": 100.0, "percent_branches_covered_display": "100"}, "missing_lines": [], "excluded_lines": [], "start_line": 115, "executed_branches": [], "missing_branches": []}, "load_public_key_b64": {"executed_lines": [123, 124], "summary": {"covered_lines": 2, "num_statements": 2, "percent_covered": 100.0, "percent_covered_display": "100", "missing_lines": 0, "excluded_lines": 0, "percent_statements_covered": 100.0, "percent_statements_covered_display": "100", "num_branches": 0, "num_partial_branches": 0, "covered_branches": 0, "missing_branches": 0, "percent_branches_covered": 100.0, "percent_branches_covered_display": "100"}, "missing_lines": [], "excluded_lines": [], "start_line": 121, "executed_branches": [], "missing_branches": []}, "sign_event": {"executed_lines": [148, 149, 152, 153, 155, 156, 157], "summary": {"covered_lines": 7, "num_statements": 7, "percent_covered": 100.0, "percent_covered_display": "100", "missing_lines": 0, "excluded_lines": 0, "percent_statements_covered": 100.0, "percent_statements_covered_display": "100", "num_branches": 0, "num_partial_branches": 0, "covered_branches": 0, "missing_branches": 0, "percent_branches_covered": 100.0, "percent_branches_covered_display": "100"}, "missing_lines": [], "excluded_lines": [], "start_line": 131, "executed_branches": [], "missing_branches": []}, "verify_event_signature": {"executed_lines": [169, 170, 171, 173, 174, 175, 176, 179, 180, 182, 183, 184, 185, 186], "summary": {"covered_lines": 14, "num_statements": 14, "percent_covered": 100.0, "percent_covered_display": "100", "missing_lines": 0, "excluded_lines": 0, "percent_statements_covered": 100.0, "percent_statements_covered_display": "100", "num_branches": 2, "num_partial_branches": 0, "covered_branches": 2, "missing_branches": 0, "percent_branches_covered": 100.0, "percent_branches_covered_display": "100"}, "missing_lines": [], "excluded_lines": [], "start_line": 160, "executed_branches": [[170, 171], [170, 173]], "missing_branches": []}, "sign_manifest": {"executed_lines": [205, 207, 213, 214, 216], "summary": {"covered_lines": 5, "num_statements": 5, "percent_covered": 100.0, "percent_covered_display": "100", "missing_lines": 0, "excluded_lines": 0, "percent_statements_covered": 100.0, "percent_statements_covered_display": "100", "num_branches": 0, "num_partial_branches": 0, "covered_branches": 0, "missing_branches": 0, "percent_branches_covered": 100.0, "percent_branches_covered_display": "100"}, "missing_lines": [], "excluded_lines": [], "start_line": 193, "executed_branches": [], "missing_branches": []}, "verify_manifest_signature": {"executed_lines": [231, 232, 233, 235, 236, 237, 238, 241, 242, 244, 245, 246, 247, 250, 251, 253], "summary": {"covered_lines": 16, "num_statements": 16, "percent_covered": 100.0, "percent_covered_display": "100", "missing_lines": 0, "excluded_lines": 0, "percent_statements_covered": 100.0, "percent_statements_covered_display": "100", "num_branches": 4, "num_partial_branches": 0, "covered_branches": 4, "missing_branches": 0, "percent_branches_covered": 100.0, "percent_branches_covered_display": "100"}, "missing_lines": [], "excluded_lines": [], "start_line": 225, "executed_branches": [[232, 233], [232, 235], [250, 251], [250, 253]], "missing_branches": []}, "load_keys_registry": {"executed_lines": [262, 263, 264, 265, 266, 267, 268], "summary": {"covered_lines": 7, "num_statements": 7, "percent_covered": 90.9090909090909, "percent_covered_display": "91", "missing_lines": 0, "excluded_lines": 0, "percent_statements_covered": 100.0, "percent_statements_covered_display": "100", "num_branches": 4, "num_partial_branches": 1, "covered_branches": 3, "missing_branches": 1, "percent_branches_covered": 75.0, "percent_branches_covered_display": "75"}, "missing_lines": [], "excluded_lines": [], "start_line": 260, "executed_branches": [[264, 265], [264, 268], [266, 267]], "missing_branches": [[266, 264]]}, "resolve_public_key": {"executed_lines": [276, 277, 278, 279, 280, 281, 282, 283, 284, 285, 286, 287], "summary": {"covered_lines": 12, "num_statements": 12, "percent_covered": 100.0, "percent_covered_display": "100", "missing_lines": 0, "excluded_lines": 0, "percent_statements_covered": 100.0, "percent_statements_covered_display": "100", "num_branches": 6, "num_partial_branches": 0, "covered_branches": 6, "missing_branches": 0, "percent_branches_covered": 100.0, "percent_branches_covered_display": "100"}, "missing_lines": [], "excluded_lines": [], "start_line": 271, "executed_branches": [[277, 278], [277, 279], [279, 280], [279, 281], [282, 283], [282, 284]], "missing_branches": []}, "_utc_now_iso": {"executed_lines": [296, 297], "summary": {"covered_lines": 2, "num_statements": 2, "percent_covered": 100.0, "percent_covered_display": "100", "missing_lines": 0, "excluded_lines": 0, "percent_statements_covered": 100.0, "percent_statements_covered_display": "100", "num_branches": 0, "num_partial_branches": 0, "covered_branches": 0, "missing_branches": 0, "percent_branches_covered": 100.0, "percent_branches_covered_display": "100"}, "missing_lines": [], "excluded_lines": [], "start_line": 294, "executed_branches": [], "missing_branches": []}, "": {"executed_lines": [26, 27, 28, 29, 30, 31, 32, 33, 35, 39, 45, 47, 54, 68, 69, 71, 72, 73, 74, 76, 77, 91, 98, 115, 121, 131, 160, 193, 225, 260, 271, 294], "summary": {"covered_lines": 32, "num_statements": 32, "percent_covered": 100.0, "percent_covered_display": "100", "missing_lines": 0, "excluded_lines": 0, "percent_statements_covered": 100.0, "percent_statements_covered_display": "100", "num_branches": 0, "num_partial_branches": 0, "covered_branches": 0, "missing_branches": 0, "percent_branches_covered": 100.0, "percent_branches_covered_display": "100"}, "missing_lines": [], "excluded_lines": [], "start_line": 1, "executed_branches": [], "missing_branches": []}}, "classes": {"BackpackKeypair": {"executed_lines": [79, 80, 81, 82, 83, 84, 93, 96, 104], "summary": {"covered_lines": 9, "num_statements": 9, "percent_covered": 100.0, "percent_covered_display": "100", "missing_lines": 0, "excluded_lines": 0, "percent_statements_covered": 100.0, "percent_statements_covered_display": "100", "num_branches": 0, "num_partial_branches": 0, "covered_branches": 0, "missing_branches": 0, "percent_branches_covered": 100.0, "percent_branches_covered_display": "100"}, "missing_lines": [], "excluded_lines": [], "start_line": 69, "executed_branches": [], "missing_branches": []}, "": {"executed_lines": [26, 27, 28, 29, 30, 31, 32, 33, 35, 39, 45, 47, 54, 60, 61, 68, 69, 71, 72, 73, 74, 76, 77, 91, 98, 115, 117, 118, 121, 123, 124, 131, 148, 149, 152, 153, 155, 156, 157, 160, 169, 170, 171, 173, 174, 175, 176, 179, 180, 182, 183, 184, 185, 186, 193, 205, 207, 213, 214, 216, 225, 231, 232, 233, 235, 236, 237, 238, 241, 242, 244, 245, 246, 247, 250, 251, 253, 260, 262, 263, 264, 265, 266, 267, 268, 271, 276, 277, 278, 279, 280, 281, 282, 283, 284, 285, 286, 287, 294, 296, 297], "summary": {"covered_lines": 101, "num_statements": 101, "percent_covered": 99.14529914529915, "percent_covered_display": "99", "missing_lines": 0, "excluded_lines": 0, "percent_statements_covered": 100.0, "percent_statements_covered_display": "100", "num_branches": 16, "num_partial_branches": 1, "covered_branches": 15, "missing_branches": 1, "percent_branches_covered": 93.75, "percent_branches_covered_display": "94"}, "missing_lines": [], "excluded_lines": [], "start_line": 1, "executed_branches": [[170, 171], [170, 173], [232, 233], [232, 235], [250, 251], [250, 253], [264, 265], [264, 268], [266, 267], [277, 278], [277, 279], [279, 280], [279, 281], [282, 283], [282, 284]], "missing_branches": [[266, 264]]}}}, "src\\provara\\bootstrap_v0.py": {"executed_lines": [42, 43, 44, 45, 46, 47, 48, 49, 51, 52, 63, 64, 71, 81, 92, 94, 95, 102, 103, 132, 136, 139, 140, 143, 164, 165, 180, 181, 194, 196, 198, 199, 201, 202, 203, 204, 205, 208, 211, 212, 213, 214, 215, 216, 217, 218, 224, 233, 234, 237, 238, 239, 240, 241, 242, 243, 244, 245, 247, 254, 257, 258, 259, 260, 261, 262, 263, 264, 265, 266, 267, 268, 269, 270, 272, 277, 297, 298, 300, 301, 302, 305, 306, 307, 310, 311, 312, 313, 315, 316, 317, 318, 319, 320, 322, 325, 326, 333, 334, 337, 338, 347, 350, 351, 352, 353, 356, 357, 360, 361, 365, 372, 376, 382, 383, 386, 400, 403, 417, 420, 421, 422, 425, 426, 427, 428, 431, 434, 439, 440, 446, 448, 449, 450, 451, 452, 453, 455, 458, 460, 470, 472, 473, 475, 476, 477, 479, 480, 484, 485, 486, 487, 493, 494, 495, 497, 498, 499, 503, 504, 511, 609], "summary": {"covered_lines": 162, "num_statements": 209, "percent_covered": 73.03370786516854, "percent_covered_display": "73", "missing_lines": 47, "excluded_lines": 0, "percent_statements_covered": 77.51196172248804, "percent_statements_covered_display": "78", "num_branches": 58, "num_partial_branches": 5, "covered_branches": 33, "missing_branches": 25, "percent_branches_covered": 56.89655172413793, "percent_branches_covered_display": "57"}, "missing_lines": [206, 209, 235, 273, 274, 488, 489, 490, 491, 501, 512, 516, 520, 525, 530, 535, 540, 545, 551, 552, 554, 562, 563, 564, 567, 574, 575, 580, 581, 582, 586, 587, 589, 590, 591, 594, 595, 596, 597, 598, 599, 600, 601, 603, 604, 606, 610], "excluded_lines": [], "executed_branches": [[139, 140], [139, 143], [201, 202], [201, 224], [202, 203], [202, 204], [205, 208], [208, 211], [215, 216], [215, 217], [234, 237], [238, 239], [238, 245], [240, 241], [240, 244], [301, -300], [301, 302], [305, 306], [305, 310], [316, 317], [316, 322], [333, 334], [333, 337], [352, 353], [352, 356], [451, 452], [451, 453], [480, 484], [480, 486], [484, 480], [484, 485], [497, 498], [609, -1]], "missing_branches": [[205, 206], [208, 209], [234, 235], [489, 490], [489, 491], [497, 501], [562, 563], [562, 567], [574, 575], [574, 580], [580, 581], [580, 589], [586, 587], [586, 594], [589, 590], [589, 594], [594, 595], [594, 606], [595, 596], [595, 597], [599, 600], [599, 603], [600, 601], [600, 606], [609, 610]], "functions": {"_utc_now": {"executed_lines": [64], "summary": {"covered_lines": 1, "num_statements": 1, "percent_covered": 100.0, "percent_covered_display": "100", "missing_lines": 0, "excluded_lines": 0, "percent_statements_covered": 100.0, "percent_statements_covered_display": "100", "num_branches": 0, "num_partial_branches": 0, "covered_branches": 0, "missing_branches": 0, "percent_branches_covered": 100.0, "percent_branches_covered_display": "100"}, "missing_lines": [], "excluded_lines": [], "start_line": 63, "executed_branches": [], "missing_branches": []}, "_build_signed_event": {"executed_lines": [81, 92, 94, 95], "summary": {"covered_lines": 4, "num_statements": 4, "percent_covered": 100.0, "percent_covered_display": "100", "missing_lines": 0, "excluded_lines": 0, "percent_statements_covered": 100.0, "percent_statements_covered_display": "100", "num_branches": 0, "num_partial_branches": 0, "covered_branches": 0, "missing_branches": 0, "percent_branches_covered": 100.0, "percent_branches_covered_display": "100"}, "missing_lines": [], "excluded_lines": [], "start_line": 71, "executed_branches": [], "missing_branches": []}, "_default_safety_policy": {"executed_lines": [103], "summary": {"covered_lines": 1, "num_statements": 1, "percent_covered": 100.0, "percent_covered_display": "100", "missing_lines": 0, "excluded_lines": 0, "percent_statements_covered": 100.0, "percent_statements_covered_display": "100", "num_branches": 0, "num_partial_branches": 0, "covered_branches": 0, "missing_branches": 0, "percent_branches_covered": 100.0, "percent_branches_covered_display": "100"}, "missing_lines": [], "excluded_lines": [], "start_line": 102, "executed_branches": [], "missing_branches": []}, "_default_sync_contract": {"executed_lines": [136, 139, 140, 143], "summary": {"covered_lines": 4, "num_statements": 4, "percent_covered": 100.0, "percent_covered_display": "100", "missing_lines": 0, "excluded_lines": 0, "percent_statements_covered": 100.0, "percent_statements_covered_display": "100", "num_branches": 2, "num_partial_branches": 0, "covered_branches": 2, "missing_branches": 0, "percent_branches_covered": 100.0, "percent_branches_covered_display": "100"}, "missing_lines": [], "excluded_lines": [], "start_line": 132, "executed_branches": [[139, 140], [139, 143]], "missing_branches": []}, "_default_retention_policy": {"executed_lines": [165], "summary": {"covered_lines": 1, "num_statements": 1, "percent_covered": 100.0, "percent_covered_display": "100", "missing_lines": 0, "excluded_lines": 0, "percent_statements_covered": 100.0, "percent_statements_covered_display": "100", "num_branches": 0, "num_partial_branches": 0, "covered_branches": 0, "missing_branches": 0, "percent_branches_covered": 100.0, "percent_branches_covered_display": "100"}, "missing_lines": [], "excluded_lines": [], "start_line": 164, "executed_branches": [], "missing_branches": []}, "_default_ontology": {"executed_lines": [181], "summary": {"covered_lines": 1, "num_statements": 1, "percent_covered": 100.0, "percent_covered_display": "100", "missing_lines": 0, "excluded_lines": 0, "percent_statements_covered": 100.0, "percent_statements_covered_display": "100", "num_branches": 0, "num_partial_branches": 0, "covered_branches": 0, "missing_branches": 0, "percent_branches_covered": 100.0, "percent_branches_covered_display": "100"}, "missing_lines": [], "excluded_lines": [], "start_line": 180, "executed_branches": [], "missing_branches": []}, "_generate_manifest": {"executed_lines": [196, 198, 199, 201, 202, 203, 204, 205, 208, 211, 212, 213, 214, 215, 216, 217, 218, 224, 233, 234, 237, 238, 239, 240, 241, 242, 243, 244, 245, 247], "summary": {"covered_lines": 30, "num_statements": 33, "percent_covered": 87.75510204081633, "percent_covered_display": "88", "missing_lines": 3, "excluded_lines": 0, "percent_statements_covered": 90.9090909090909, "percent_statements_covered_display": "91", "num_branches": 16, "num_partial_branches": 3, "covered_branches": 13, "missing_branches": 3, "percent_branches_covered": 81.25, "percent_branches_covered_display": "81"}, "missing_lines": [206, 209, 235], "excluded_lines": [], "start_line": 194, "executed_branches": [[201, 202], [201, 224], [202, 203], [202, 204], [205, 208], [208, 211], [215, 216], [215, 217], [234, 237], [238, 239], [238, 245], [240, 241], [240, 244]], "missing_branches": [[205, 206], [208, 209], [234, 235]]}, "BootstrapResult.__init__": {"executed_lines": [258, 259, 260, 261, 262, 263, 264, 265, 266, 267, 268, 269, 270], "summary": {"covered_lines": 13, "num_statements": 13, "percent_covered": 100.0, "percent_covered_display": "100", "missing_lines": 0, "excluded_lines": 0, "percent_statements_covered": 100.0, "percent_statements_covered_display": "100", "num_branches": 0, "num_partial_branches": 0, "covered_branches": 0, "missing_branches": 0, "percent_branches_covered": 100.0, "percent_branches_covered_display": "100"}, "missing_lines": [], "excluded_lines": [], "start_line": 257, "executed_branches": [], "missing_branches": []}, "BootstrapResult.__repr__": {"executed_lines": [], "summary": {"covered_lines": 0, "num_statements": 2, "percent_covered": 0.0, "percent_covered_display": "0", "missing_lines": 2, "excluded_lines": 0, "percent_statements_covered": 0.0, "percent_statements_covered_display": "0", "num_branches": 0, "num_partial_branches": 0, "covered_branches": 0, "missing_branches": 0, "percent_branches_covered": 100.0, "percent_branches_covered_display": "100"}, "missing_lines": [273, 274], "excluded_lines": [], "start_line": 272, "executed_branches": [], "missing_branches": []}, "bootstrap_backpack": {"executed_lines": [297, 298, 300, 305, 306, 307, 310, 311, 312, 313, 315, 316, 317, 318, 319, 320, 322, 325, 326, 333, 334, 337, 338, 347, 350, 351, 352, 353, 356, 357, 360, 361, 365, 372, 376, 382, 383, 386, 400, 403, 417, 420, 421, 422, 425, 426, 427, 428, 431, 434, 439, 440, 446, 448, 449, 450, 451, 452, 453, 455], "summary": {"covered_lines": 60, "num_statements": 60, "percent_covered": 100.0, "percent_covered_display": "100", "missing_lines": 0, "excluded_lines": 0, "percent_statements_covered": 100.0, "percent_statements_covered_display": "100", "num_branches": 10, "num_partial_branches": 0, "covered_branches": 10, "missing_branches": 0, "percent_branches_covered": 100.0, "percent_branches_covered_display": "100"}, "missing_lines": [], "excluded_lines": [], "start_line": 277, "executed_branches": [[305, 306], [305, 310], [316, 317], [316, 322], [333, 334], [333, 337], [352, 353], [352, 356], [451, 452], [451, 453]], "missing_branches": []}, "bootstrap_backpack.log": {"executed_lines": [301, 302], "summary": {"covered_lines": 2, "num_statements": 2, "percent_covered": 100.0, "percent_covered_display": "100", "missing_lines": 0, "excluded_lines": 0, "percent_statements_covered": 100.0, "percent_statements_covered_display": "100", "num_branches": 2, "num_partial_branches": 0, "covered_branches": 2, "missing_branches": 0, "percent_branches_covered": 100.0, "percent_branches_covered_display": "100"}, "missing_lines": [], "excluded_lines": [], "start_line": 300, "executed_branches": [[301, -300], [301, 302]], "missing_branches": []}, "_write_json": {"executed_lines": [460], "summary": {"covered_lines": 1, "num_statements": 1, "percent_covered": 100.0, "percent_covered_display": "100", "missing_lines": 0, "excluded_lines": 0, "percent_statements_covered": 100.0, "percent_statements_covered_display": "100", "num_branches": 0, "num_partial_branches": 0, "covered_branches": 0, "missing_branches": 0, "percent_branches_covered": 100.0, "percent_branches_covered_display": "100"}, "missing_lines": [], "excluded_lines": [], "start_line": 458, "executed_branches": [], "missing_branches": []}, "run_self_test": {"executed_lines": [472, 473, 475, 476, 477, 479, 480, 484, 485, 486, 487, 493, 494, 495, 497, 498, 499, 503, 504], "summary": {"covered_lines": 19, "num_statements": 24, "percent_covered": 75.0, "percent_covered_display": "75", "missing_lines": 5, "excluded_lines": 0, "percent_statements_covered": 79.16666666666667, "percent_statements_covered_display": "79", "num_branches": 8, "num_partial_branches": 1, "covered_branches": 5, "missing_branches": 3, "percent_branches_covered": 62.5, "percent_branches_covered_display": "62"}, "missing_lines": [488, 489, 490, 491, 501], "excluded_lines": [], "start_line": 470, "executed_branches": [[480, 484], [480, 486], [484, 480], [484, 485], [497, 498]], "missing_branches": [[489, 490], [489, 491], [497, 501]]}, "main": {"executed_lines": [], "summary": {"covered_lines": 0, "num_statements": 36, "percent_covered": 0.0, "percent_covered_display": "0", "missing_lines": 36, "excluded_lines": 0, "percent_statements_covered": 0.0, "percent_statements_covered_display": "0", "num_branches": 18, "num_partial_branches": 0, "covered_branches": 0, "missing_branches": 18, "percent_branches_covered": 0.0, "percent_branches_covered_display": "0"}, "missing_lines": [512, 516, 520, 525, 530, 535, 540, 545, 551, 552, 554, 562, 563, 564, 567, 574, 575, 580, 581, 582, 586, 587, 589, 590, 591, 594, 595, 596, 597, 598, 599, 600, 601, 603, 604, 606], "excluded_lines": [], "start_line": 511, "executed_branches": [], "missing_branches": [[562, 563], [562, 567], [574, 575], [574, 580], [580, 581], [580, 589], [586, 587], [586, 594], [589, 590], [589, 594], [594, 595], [594, 606], [595, 596], [595, 597], [599, 600], [599, 603], [600, 601], [600, 606]]}, "": {"executed_lines": [42, 43, 44, 45, 46, 47, 48, 49, 51, 52, 63, 71, 102, 132, 164, 180, 194, 254, 257, 272, 277, 458, 470, 511, 609], "summary": {"covered_lines": 25, "num_statements": 26, "percent_covered": 92.85714285714286, "percent_covered_display": "93", "missing_lines": 1, "excluded_lines": 0, "percent_statements_covered": 96.15384615384616, "percent_statements_covered_display": "96", "num_branches": 2, "num_partial_branches": 1, "covered_branches": 1, "missing_branches": 1, "percent_branches_covered": 50.0, "percent_branches_covered_display": "50"}, "missing_lines": [610], "excluded_lines": [], "start_line": 1, "executed_branches": [[609, -1]], "missing_branches": [[609, 610]]}}, "classes": {"BootstrapResult": {"executed_lines": [258, 259, 260, 261, 262, 263, 264, 265, 266, 267, 268, 269, 270], "summary": {"covered_lines": 13, "num_statements": 15, "percent_covered": 86.66666666666667, "percent_covered_display": "87", "missing_lines": 2, "excluded_lines": 0, "percent_statements_covered": 86.66666666666667, "percent_statements_covered_display": "87", "num_branches": 0, "num_partial_branches": 0, "covered_branches": 0, "missing_branches": 0, "percent_branches_covered": 100.0, "percent_branches_covered_display": "100"}, "missing_lines": [273, 274], "excluded_lines": [], "start_line": 254, "executed_branches": [], "missing_branches": []}, "": {"executed_lines": [42, 43, 44, 45, 46, 47, 48, 49, 51, 52, 63, 64, 71, 81, 92, 94, 95, 102, 103, 132, 136, 139, 140, 143, 164, 165, 180, 181, 194, 196, 198, 199, 201, 202, 203, 204, 205, 208, 211, 212, 213, 214, 215, 216, 217, 218, 224, 233, 234, 237, 238, 239, 240, 241, 242, 243, 244, 245, 247, 254, 257, 272, 277, 297, 298, 300, 301, 302, 305, 306, 307, 310, 311, 312, 313, 315, 316, 317, 318, 319, 320, 322, 325, 326, 333, 334, 337, 338, 347, 350, 351, 352, 353, 356, 357, 360, 361, 365, 372, 376, 382, 383, 386, 400, 403, 417, 420, 421, 422, 425, 426, 427, 428, 431, 434, 439, 440, 446, 448, 449, 450, 451, 452, 453, 455, 458, 460, 470, 472, 473, 475, 476, 477, 479, 480, 484, 485, 486, 487, 493, 494, 495, 497, 498, 499, 503, 504, 511, 609], "summary": {"covered_lines": 149, "num_statements": 194, "percent_covered": 72.22222222222223, "percent_covered_display": "72", "missing_lines": 45, "excluded_lines": 0, "percent_statements_covered": 76.80412371134021, "percent_statements_covered_display": "77", "num_branches": 58, "num_partial_branches": 5, "covered_branches": 33, "missing_branches": 25, "percent_branches_covered": 56.89655172413793, "percent_branches_covered_display": "57"}, "missing_lines": [206, 209, 235, 488, 489, 490, 491, 501, 512, 516, 520, 525, 530, 535, 540, 545, 551, 552, 554, 562, 563, 564, 567, 574, 575, 580, 581, 582, 586, 587, 589, 590, 591, 594, 595, 596, 597, 598, 599, 600, 601, 603, 604, 606, 610], "excluded_lines": [], "start_line": 1, "executed_branches": [[139, 140], [139, 143], [201, 202], [201, 224], [202, 203], [202, 204], [205, 208], [208, 211], [215, 216], [215, 217], [234, 237], [238, 239], [238, 245], [240, 241], [240, 244], [301, -300], [301, 302], [305, 306], [305, 310], [316, 317], [316, 322], [333, 334], [333, 337], [352, 353], [352, 356], [451, 452], [451, 453], [480, 484], [480, 486], [484, 480], [484, 485], [497, 498], [609, -1]], "missing_branches": [[205, 206], [208, 209], [234, 235], [489, 490], [489, 491], [497, 501], [562, 563], [562, 567], [574, 575], [574, 580], [580, 581], [580, 589], [586, 587], [586, 594], [589, 590], [589, 594], [594, 595], [594, 606], [595, 596], [595, 597], [599, 600], [599, 603], [600, 601], [600, 606], [609, 610]]}}}, "src\\provara\\canonical_json.py": {"executed_lines": [19, 20, 21, 22, 25, 27, 36, 42, 43, 44, 47, 49, 52, 54], "summary": {"covered_lines": 14, "num_statements": 14, "percent_covered": 100.0, "percent_covered_display": "100", "missing_lines": 0, "excluded_lines": 0, "percent_statements_covered": 100.0, "percent_statements_covered_display": "100", "num_branches": 2, "num_partial_branches": 0, "covered_branches": 2, "missing_branches": 0, "percent_branches_covered": 100.0, "percent_branches_covered_display": "100"}, "missing_lines": [], "excluded_lines": [], "executed_branches": [[42, 43], [42, 44]], "missing_branches": [], "functions": {"canonical_dumps": {"executed_lines": [27], "summary": {"covered_lines": 1, "num_statements": 1, "percent_covered": 100.0, "percent_covered_display": "100", "missing_lines": 0, "excluded_lines": 0, "percent_statements_covered": 100.0, "percent_statements_covered_display": "100", "num_branches": 0, "num_partial_branches": 0, "covered_branches": 0, "missing_branches": 0, "percent_branches_covered": 100.0, "percent_branches_covered_display": "100"}, "missing_lines": [], "excluded_lines": [], "start_line": 25, "executed_branches": [], "missing_branches": []}, "canonical_bytes": {"executed_lines": [42, 43, 44], "summary": {"covered_lines": 3, "num_statements": 3, "percent_covered": 100.0, "percent_covered_display": "100", "missing_lines": 0, "excluded_lines": 0, "percent_statements_covered": 100.0, "percent_statements_covered_display": "100", "num_branches": 2, "num_partial_branches": 0, "covered_branches": 2, "missing_branches": 0, "percent_branches_covered": 100.0, "percent_branches_covered_display": "100"}, "missing_lines": [], "excluded_lines": [], "start_line": 36, "executed_branches": [[42, 43], [42, 44]], "missing_branches": []}, "sha256_hex": {"executed_lines": [49], "summary": {"covered_lines": 1, "num_statements": 1, "percent_covered": 100.0, "percent_covered_display": "100", "missing_lines": 0, "excluded_lines": 0, "percent_statements_covered": 100.0, "percent_statements_covered_display": "100", "num_branches": 0, "num_partial_branches": 0, "covered_branches": 0, "missing_branches": 0, "percent_branches_covered": 100.0, "percent_branches_covered_display": "100"}, "missing_lines": [], "excluded_lines": [], "start_line": 47, "executed_branches": [], "missing_branches": []}, "canonical_hash": {"executed_lines": [54], "summary": {"covered_lines": 1, "num_statements": 1, "percent_covered": 100.0, "percent_covered_display": "100", "missing_lines": 0, "excluded_lines": 0, "percent_statements_covered": 100.0, "percent_statements_covered_display": "100", "num_branches": 0, "num_partial_branches": 0, "covered_branches": 0, "missing_branches": 0, "percent_branches_covered": 100.0, "percent_branches_covered_display": "100"}, "missing_lines": [], "excluded_lines": [], "start_line": 52, "executed_branches": [], "missing_branches": []}, "": {"executed_lines": [19, 20, 21, 22, 25, 36, 47, 52], "summary": {"covered_lines": 8, "num_statements": 8, "percent_covered": 100.0, "percent_covered_display": "100", "missing_lines": 0, "excluded_lines": 0, "percent_statements_covered": 100.0, "percent_statements_covered_display": "100", "num_branches": 0, "num_partial_branches": 0, "covered_branches": 0, "missing_branches": 0, "percent_branches_covered": 100.0, "percent_branches_covered_display": "100"}, "missing_lines": [], "excluded_lines": [], "start_line": 1, "executed_branches": [], "missing_branches": []}}, "classes": {"": {"executed_lines": [19, 20, 21, 22, 25, 27, 36, 42, 43, 44, 47, 49, 52, 54], "summary": {"covered_lines": 14, "num_statements": 14, "percent_covered": 100.0, "percent_covered_display": "100", "missing_lines": 0, "excluded_lines": 0, "percent_statements_covered": 100.0, "percent_statements_covered_display": "100", "num_branches": 2, "num_partial_branches": 0, "covered_branches": 2, "missing_branches": 0, "percent_branches_covered": 100.0, "percent_branches_covered_display": "100"}, "missing_lines": [], "excluded_lines": [], "start_line": 1, "executed_branches": [[42, 43], [42, 44]], "missing_branches": []}}}, "src\\provara\\checkpoint_v0.py": {"executed_lines": [9, 10, 11, 12, 13, 14, 16, 21, 22, 24, 25, 26, 27, 28, 29, 30, 31, 32, 33, 35, 36, 47, 56, 57, 58, 59, 61, 62, 63, 68, 89, 90, 92, 102, 109, 110, 113, 114, 119, 120, 122, 123, 124, 125, 126, 128, 132, 133, 135, 136, 138, 139, 141, 145, 146, 147, 149, 150, 153, 154, 155], "summary": {"covered_lines": 61, "num_statements": 67, "percent_covered": 88.0, "percent_covered_display": "88", "missing_lines": 6, "excluded_lines": 0, "percent_statements_covered": 91.04477611940298, "percent_statements_covered_display": "91", "num_branches": 8, "num_partial_branches": 3, "covered_branches": 5, "missing_branches": 3, "percent_branches_covered": 62.5, "percent_branches_covered_display": "62"}, "missing_lines": [111, 115, 116, 151, 156, 157], "excluded_lines": [], "executed_branches": [[58, 59], [110, 113], [146, 147], [146, 149], [150, 153]], "missing_branches": [[58, 61], [110, 111], [150, 151]], "functions": {"Checkpoint.to_dict": {"executed_lines": [36], "summary": {"covered_lines": 1, "num_statements": 1, "percent_covered": 100.0, "percent_covered_display": "100", "missing_lines": 0, "excluded_lines": 0, "percent_statements_covered": 100.0, "percent_statements_covered_display": "100", "num_branches": 0, "num_partial_branches": 0, "covered_branches": 0, "missing_branches": 0, "percent_branches_covered": 100.0, "percent_branches_covered_display": "100"}, "missing_lines": [], "excluded_lines": [], "start_line": 35, "executed_branches": [], "missing_branches": []}, "create_checkpoint": {"executed_lines": [56, 57, 58, 59, 61, 62, 63, 68, 89, 90, 92], "summary": {"covered_lines": 11, "num_statements": 11, "percent_covered": 92.3076923076923, "percent_covered_display": "92", "missing_lines": 0, "excluded_lines": 0, "percent_statements_covered": 100.0, "percent_statements_covered_display": "100", "num_branches": 2, "num_partial_branches": 1, "covered_branches": 1, "missing_branches": 1, "percent_branches_covered": 50.0, "percent_branches_covered_display": "50"}, "missing_lines": [], "excluded_lines": [], "start_line": 47, "executed_branches": [[58, 59]], "missing_branches": [[58, 61]]}, "verify_checkpoint": {"executed_lines": [109, 110, 113, 114, 119, 120, 122, 123, 124, 125, 126], "summary": {"covered_lines": 11, "num_statements": 14, "percent_covered": 75.0, "percent_covered_display": "75", "missing_lines": 3, "excluded_lines": 0, "percent_statements_covered": 78.57142857142857, "percent_statements_covered_display": "79", "num_branches": 2, "num_partial_branches": 1, "covered_branches": 1, "missing_branches": 1, "percent_branches_covered": 50.0, "percent_branches_covered_display": "50"}, "missing_lines": [111, 115, 116], "excluded_lines": [], "start_line": 102, "executed_branches": [[110, 113]], "missing_branches": [[110, 111]]}, "save_checkpoint": {"executed_lines": [132, 133, 135, 136, 138, 139], "summary": {"covered_lines": 6, "num_statements": 6, "percent_covered": 100.0, "percent_covered_display": "100", "missing_lines": 0, "excluded_lines": 0, "percent_statements_covered": 100.0, "percent_statements_covered_display": "100", "num_branches": 0, "num_partial_branches": 0, "covered_branches": 0, "missing_branches": 0, "percent_branches_covered": 100.0, "percent_branches_covered_display": "100"}, "missing_lines": [], "excluded_lines": [], "start_line": 128, "executed_branches": [], "missing_branches": []}, "load_latest_checkpoint": {"executed_lines": [145, 146, 147, 149, 150, 153, 154, 155], "summary": {"covered_lines": 8, "num_statements": 11, "percent_covered": 73.33333333333333, "percent_covered_display": "73", "missing_lines": 3, "excluded_lines": 0, "percent_statements_covered": 72.72727272727273, "percent_statements_covered_display": "73", "num_branches": 4, "num_partial_branches": 1, "covered_branches": 3, "missing_branches": 1, "percent_branches_covered": 75.0, "percent_branches_covered_display": "75"}, "missing_lines": [151, 156, 157], "excluded_lines": [], "start_line": 141, "executed_branches": [[146, 147], [146, 149], [150, 153]], "missing_branches": [[150, 151]]}, "": {"executed_lines": [9, 10, 11, 12, 13, 14, 16, 21, 22, 24, 25, 26, 27, 28, 29, 30, 31, 32, 33, 35, 47, 102, 128, 141], "summary": {"covered_lines": 24, "num_statements": 24, "percent_covered": 100.0, "percent_covered_display": "100", "missing_lines": 0, "excluded_lines": 0, "percent_statements_covered": 100.0, "percent_statements_covered_display": "100", "num_branches": 0, "num_partial_branches": 0, "covered_branches": 0, "missing_branches": 0, "percent_branches_covered": 100.0, "percent_branches_covered_display": "100"}, "missing_lines": [], "excluded_lines": [], "start_line": 1, "executed_branches": [], "missing_branches": []}}, "classes": {"Checkpoint": {"executed_lines": [36], "summary": {"covered_lines": 1, "num_statements": 1, "percent_covered": 100.0, "percent_covered_display": "100", "missing_lines": 0, "excluded_lines": 0, "percent_statements_covered": 100.0, "percent_statements_covered_display": "100", "num_branches": 0, "num_partial_branches": 0, "covered_branches": 0, "missing_branches": 0, "percent_branches_covered": 100.0, "percent_branches_covered_display": "100"}, "missing_lines": [], "excluded_lines": [], "start_line": 25, "executed_branches": [], "missing_branches": []}, "": {"executed_lines": [9, 10, 11, 12, 13, 14, 16, 21, 22, 24, 25, 26, 27, 28, 29, 30, 31, 32, 33, 35, 47, 56, 57, 58, 59, 61, 62, 63, 68, 89, 90, 92, 102, 109, 110, 113, 114, 119, 120, 122, 123, 124, 125, 126, 128, 132, 133, 135, 136, 138, 139, 141, 145, 146, 147, 149, 150, 153, 154, 155], "summary": {"covered_lines": 60, "num_statements": 66, "percent_covered": 87.83783783783784, "percent_covered_display": "88", "missing_lines": 6, "excluded_lines": 0, "percent_statements_covered": 90.9090909090909, "percent_statements_covered_display": "91", "num_branches": 8, "num_partial_branches": 3, "covered_branches": 5, "missing_branches": 3, "percent_branches_covered": 62.5, "percent_branches_covered_display": "62"}, "missing_lines": [111, 115, 116, 151, 156, 157], "excluded_lines": [], "start_line": 1, "executed_branches": [[58, 59], [110, 113], [146, 147], [146, 149], [150, 153]], "missing_branches": [[58, 61], [110, 111], [150, 151]]}}}, "src\\provara\\cli.py": {"executed_lines": [15, 16, 17, 18, 19, 20, 21, 22, 23, 24, 27, 28, 29, 36, 37, 38, 39, 40, 41, 42, 43, 46, 48, 66, 78, 79, 81, 83, 85, 94, 96, 99, 108, 109, 112, 119, 126, 129, 130, 132, 134, 135, 137, 146, 152, 155, 156, 157, 162, 163, 164, 166, 167, 170, 173, 174, 175, 177, 178, 180, 182, 183, 184, 185, 186, 187, 188, 189, 190, 191, 192, 193, 194, 195, 196, 206, 212, 213, 214, 216, 217, 273, 279, 280, 282, 283, 284, 285, 287, 288, 290, 291, 293, 305, 306, 312, 315, 316, 318, 320, 326, 327, 330, 331, 334, 335, 336, 337, 339, 340, 341, 343, 349, 350, 352, 353, 354, 355, 357, 363, 364, 367, 368, 369, 375, 378, 379, 380, 381, 384, 385, 386, 387, 393, 395, 397, 398, 399, 400, 408, 409, 411, 425, 426, 429, 432, 433, 434, 436, 439, 441, 465, 479, 493, 508, 514, 515, 516, 518, 533, 550, 574, 585, 637, 661, 676, 708, 729, 754, 990], "summary": {"covered_lines": 170, "num_statements": 486, "percent_covered": 32.5, "percent_covered_display": "32", "missing_lines": 316, "excluded_lines": 0, "percent_statements_covered": 34.97942386831276, "percent_statements_covered_display": "35", "num_branches": 114, "num_partial_branches": 7, "covered_branches": 25, "missing_branches": 89, "percent_branches_covered": 21.92982456140351, "percent_branches_covered_display": "22"}, "missing_lines": [57, 58, 63, 120, 139, 158, 159, 197, 199, 224, 227, 228, 229, 231, 232, 233, 234, 236, 237, 245, 246, 247, 249, 250, 251, 252, 253, 254, 257, 258, 259, 262, 263, 264, 265, 266, 267, 268, 269, 271, 442, 443, 445, 446, 457, 460, 461, 462, 463, 471, 472, 473, 474, 477, 485, 486, 487, 488, 491, 499, 500, 501, 502, 503, 504, 505, 506, 524, 525, 526, 527, 528, 529, 530, 531, 539, 540, 541, 542, 544, 546, 547, 548, 556, 557, 558, 559, 560, 561, 562, 569, 570, 571, 572, 580, 581, 582, 583, 591, 592, 593, 594, 595, 596, 600, 601, 602, 603, 604, 605, 606, 607, 608, 609, 611, 612, 620, 621, 623, 625, 627, 635, 643, 644, 645, 646, 647, 649, 650, 651, 652, 654, 655, 656, 657, 658, 659, 667, 668, 669, 670, 673, 678, 679, 681, 682, 683, 685, 686, 693, 695, 696, 697, 698, 700, 714, 715, 716, 717, 726, 735, 736, 737, 739, 740, 741, 742, 743, 751, 760, 761, 764, 765, 766, 767, 768, 769, 772, 773, 774, 775, 778, 779, 780, 781, 784, 785, 788, 789, 790, 793, 794, 797, 798, 799, 800, 803, 804, 805, 807, 808, 809, 812, 813, 814, 815, 816, 817, 818, 819, 822, 823, 824, 825, 826, 827, 828, 829, 830, 833, 834, 835, 836, 837, 838, 839, 840, 843, 844, 845, 846, 849, 850, 853, 854, 855, 858, 859, 860, 861, 864, 865, 868, 869, 870, 871, 872, 875, 876, 877, 878, 879, 880, 881, 885, 886, 889, 890, 891, 892, 893, 899, 900, 901, 902, 905, 906, 907, 908, 909, 912, 913, 915, 918, 919, 920, 924, 928, 929, 933, 937, 939, 942, 943, 944, 948, 952, 956, 960, 962, 964, 965, 966, 967, 968, 969, 970, 971, 972, 973, 974, 975, 976, 977, 978, 979, 980, 981, 982, 983, 984, 985, 986, 987, 988, 991], "excluded_lines": [], "executed_branches": [[108, 109], [119, 126], [129, 130], [129, 132], [177, 178], [180, -146], [180, 182], [184, 185], [187, 188], [187, 196], [188, 187], [188, 189], [196, -146], [216, 217], [305, 306], [305, 312], [315, 316], [315, 318], [368, 369], [368, 375], [384, 385], [384, 395], [386, 387], [386, 393], [990, -1]], "missing_branches": [[108, 139], [119, 120], [177, 199], [184, -146], [196, 197], [216, 224], [236, 237], [236, 245], [251, 252], [251, 257], [252, 251], [252, 253], [263, 264], [263, 271], [265, 266], [265, 271], [503, 504], [503, 505], [505, -493], [505, 506], [529, 530], [529, 531], [601, 602], [601, 611], [604, 605], [604, 611], [606, 607], [606, 611], [608, 609], [608, 611], [611, 612], [611, 620], [620, 621], [620, 623], [650, 651], [650, 654], [655, -637], [655, 656], [685, 686], [685, 693], [695, 696], [695, 700], [964, -754], [964, 965], [965, -754], [965, 966], [966, -754], [966, 967], [967, -754], [967, 968], [968, -754], [968, 969], [969, -754], [969, 970], [970, -754], [970, 971], [971, -754], [971, 972], [972, -754], [972, 973], [973, -754], [973, 974], [974, -754], [974, 975], [975, -754], [975, 976], [976, -754], [976, 977], [977, -754], [977, 978], [978, -754], [978, 979], [979, -754], [979, 980], [980, -754], [980, 981], [981, -754], [981, 982], [982, -754], [982, 983], [983, -754], [983, 984], [984, -754], [984, 985], [985, 986], [985, 987], [987, -754], [987, 988], [990, 991]], "functions": {"_fail_with_error": {"executed_lines": [], "summary": {"covered_lines": 0, "num_statements": 3, "percent_covered": 0.0, "percent_covered_display": "0", "missing_lines": 3, "excluded_lines": 0, "percent_statements_covered": 0.0, "percent_statements_covered_display": "0", "num_branches": 0, "num_partial_branches": 0, "covered_branches": 0, "missing_branches": 0, "percent_branches_covered": 100.0, "percent_branches_covered_display": "100"}, "missing_lines": [57, 58, 63], "excluded_lines": [], "start_line": 48, "executed_branches": [], "missing_branches": []}, "_cli_error": {"executed_lines": [78, 79], "summary": {"covered_lines": 2, "num_statements": 2, "percent_covered": 100.0, "percent_covered_display": "100", "missing_lines": 0, "excluded_lines": 0, "percent_statements_covered": 100.0, "percent_statements_covered_display": "100", "num_branches": 0, "num_partial_branches": 0, "covered_branches": 0, "missing_branches": 0, "percent_branches_covered": 100.0, "percent_branches_covered_display": "100"}, "missing_lines": [], "excluded_lines": [], "start_line": 66, "executed_branches": [], "missing_branches": []}, "_get_timestamp": {"executed_lines": [83], "summary": {"covered_lines": 1, "num_statements": 1, "percent_covered": 100.0, "percent_covered_display": "100", "missing_lines": 0, "excluded_lines": 0, "percent_statements_covered": 100.0, "percent_statements_covered_display": "100", "num_branches": 0, "num_partial_branches": 0, "covered_branches": 0, "missing_branches": 0, "percent_branches_covered": 100.0, "percent_branches_covered_display": "100"}, "missing_lines": [], "excluded_lines": [], "start_line": 81, "executed_branches": [], "missing_branches": []}, "cmd_init": {"executed_lines": [94, 96, 99, 108, 109, 112, 119, 126, 129, 130, 132, 134, 135, 137], "summary": {"covered_lines": 14, "num_statements": 16, "percent_covered": 81.81818181818181, "percent_covered_display": "82", "missing_lines": 2, "excluded_lines": 0, "percent_statements_covered": 87.5, "percent_statements_covered_display": "88", "num_branches": 6, "num_partial_branches": 2, "covered_branches": 4, "missing_branches": 2, "percent_branches_covered": 66.66666666666667, "percent_branches_covered_display": "67"}, "missing_lines": [120, 139], "excluded_lines": [], "start_line": 85, "executed_branches": [[108, 109], [119, 126], [129, 130], [129, 132]], "missing_branches": [[108, 139], [119, 120]]}, "cmd_verify": {"executed_lines": [152, 155, 156, 157, 162, 163, 164, 166, 167, 170, 173, 174, 175, 177, 178, 180, 182, 183, 184, 185, 186, 187, 188, 189, 190, 191, 192, 193, 194, 195, 196], "summary": {"covered_lines": 31, "num_statements": 35, "percent_covered": 85.1063829787234, "percent_covered_display": "85", "missing_lines": 4, "excluded_lines": 0, "percent_statements_covered": 88.57142857142857, "percent_statements_covered_display": "89", "num_branches": 12, "num_partial_branches": 3, "covered_branches": 9, "missing_branches": 3, "percent_branches_covered": 75.0, "percent_branches_covered_display": "75"}, "missing_lines": [158, 159, 197, 199], "excluded_lines": [], "start_line": 146, "executed_branches": [[177, 178], [180, -146], [180, 182], [184, 185], [187, 188], [187, 196], [188, 187], [188, 189], [196, -146]], "missing_branches": [[177, 199], [184, -146], [196, 197]]}, "cmd_backup": {"executed_lines": [212, 213, 214, 216, 217], "summary": {"covered_lines": 5, "num_statements": 36, "percent_covered": 12.5, "percent_covered_display": "12", "missing_lines": 31, "excluded_lines": 0, "percent_statements_covered": 13.88888888888889, "percent_statements_covered_display": "14", "num_branches": 12, "num_partial_branches": 1, "covered_branches": 1, "missing_branches": 11, "percent_branches_covered": 8.333333333333334, "percent_branches_covered_display": "8"}, "missing_lines": [224, 227, 228, 229, 231, 232, 233, 234, 236, 237, 245, 246, 247, 249, 250, 251, 252, 253, 254, 257, 258, 259, 262, 263, 264, 265, 266, 267, 268, 269, 271], "excluded_lines": [], "start_line": 206, "executed_branches": [[216, 217]], "missing_branches": [[216, 224], [236, 237], [236, 245], [251, 252], [251, 257], [252, 251], [252, 253], [263, 264], [263, 271], [265, 266], [265, 271]]}, "cmd_manifest": {"executed_lines": [279, 280, 282, 283, 284, 285, 287, 288, 290, 291], "summary": {"covered_lines": 10, "num_statements": 10, "percent_covered": 100.0, "percent_covered_display": "100", "missing_lines": 0, "excluded_lines": 0, "percent_statements_covered": 100.0, "percent_statements_covered_display": "100", "num_branches": 0, "num_partial_branches": 0, "covered_branches": 0, "missing_branches": 0, "percent_branches_covered": 100.0, "percent_branches_covered_display": "100"}, "missing_lines": [], "excluded_lines": [], "start_line": 273, "executed_branches": [], "missing_branches": []}, "_load_keys": {"executed_lines": [305, 306, 312, 315, 316, 318], "summary": {"covered_lines": 6, "num_statements": 6, "percent_covered": 100.0, "percent_covered_display": "100", "missing_lines": 0, "excluded_lines": 0, "percent_statements_covered": 100.0, "percent_statements_covered_display": "100", "num_branches": 4, "num_partial_branches": 0, "covered_branches": 4, "missing_branches": 0, "percent_branches_covered": 100.0, "percent_branches_covered_display": "100"}, "missing_lines": [], "excluded_lines": [], "start_line": 293, "executed_branches": [[305, 306], [305, 312], [315, 316], [315, 318]], "missing_branches": []}, "cmd_checkpoint": {"executed_lines": [326, 327, 330, 331, 334, 335, 336, 337, 339, 340, 341], "summary": {"covered_lines": 11, "num_statements": 11, "percent_covered": 100.0, "percent_covered_display": "100", "missing_lines": 0, "excluded_lines": 0, "percent_statements_covered": 100.0, "percent_statements_covered_display": "100", "num_branches": 0, "num_partial_branches": 0, "covered_branches": 0, "missing_branches": 0, "percent_branches_covered": 100.0, "percent_branches_covered_display": "100"}, "missing_lines": [], "excluded_lines": [], "start_line": 320, "executed_branches": [], "missing_branches": []}, "cmd_replay": {"executed_lines": [349, 350, 352, 353, 354, 355], "summary": {"covered_lines": 6, "num_statements": 6, "percent_covered": 100.0, "percent_covered_display": "100", "missing_lines": 0, "excluded_lines": 0, "percent_statements_covered": 100.0, "percent_statements_covered_display": "100", "num_branches": 0, "num_partial_branches": 0, "covered_branches": 0, "missing_branches": 0, "percent_branches_covered": 100.0, "percent_branches_covered_display": "100"}, "missing_lines": [], "excluded_lines": [], "start_line": 343, "executed_branches": [], "missing_branches": []}, "cmd_append": {"executed_lines": [363, 364, 367, 368, 369, 375, 378, 379, 380, 381, 384, 385, 386, 387, 393, 395, 397, 398, 399, 400, 408, 409, 411, 425, 426, 429, 432, 433, 434, 436, 439], "summary": {"covered_lines": 31, "num_statements": 31, "percent_covered": 100.0, "percent_covered_display": "100", "missing_lines": 0, "excluded_lines": 0, "percent_statements_covered": 100.0, "percent_statements_covered_display": "100", "num_branches": 6, "num_partial_branches": 0, "covered_branches": 6, "missing_branches": 0, "percent_branches_covered": 100.0, "percent_branches_covered_display": "100"}, "missing_lines": [], "excluded_lines": [], "start_line": 357, "executed_branches": [[368, 369], [368, 375], [384, 385], [384, 395], [386, 387], [386, 393]], "missing_branches": []}, "cmd_redact": {"executed_lines": [], "summary": {"covered_lines": 0, "num_statements": 9, "percent_covered": 0.0, "percent_covered_display": "0", "missing_lines": 9, "excluded_lines": 0, "percent_statements_covered": 0.0, "percent_statements_covered_display": "0", "num_branches": 0, "num_partial_branches": 0, "covered_branches": 0, "missing_branches": 0, "percent_branches_covered": 100.0, "percent_branches_covered_display": "100"}, "missing_lines": [442, 443, 445, 446, 457, 460, 461, 462, 463], "excluded_lines": [], "start_line": 441, "executed_branches": [], "missing_branches": []}, "cmd_market_alpha": {"executed_lines": [], "summary": {"covered_lines": 0, "num_statements": 5, "percent_covered": 0.0, "percent_covered_display": "0", "missing_lines": 5, "excluded_lines": 0, "percent_statements_covered": 0.0, "percent_statements_covered_display": "0", "num_branches": 0, "num_partial_branches": 0, "covered_branches": 0, "missing_branches": 0, "percent_branches_covered": 100.0, "percent_branches_covered_display": "100"}, "missing_lines": [471, 472, 473, 474, 477], "excluded_lines": [], "start_line": 465, "executed_branches": [], "missing_branches": []}, "cmd_hedge_fund_sim": {"executed_lines": [], "summary": {"covered_lines": 0, "num_statements": 5, "percent_covered": 0.0, "percent_covered_display": "0", "missing_lines": 5, "excluded_lines": 0, "percent_statements_covered": 0.0, "percent_statements_covered_display": "0", "num_branches": 0, "num_partial_branches": 0, "covered_branches": 0, "missing_branches": 0, "percent_branches_covered": 100.0, "percent_branches_covered_display": "100"}, "missing_lines": [485, 486, 487, 488, 491], "excluded_lines": [], "start_line": 479, "executed_branches": [], "missing_branches": []}, "cmd_oracle_validate": {"executed_lines": [], "summary": {"covered_lines": 0, "num_statements": 8, "percent_covered": 0.0, "percent_covered_display": "0", "missing_lines": 8, "excluded_lines": 0, "percent_statements_covered": 0.0, "percent_statements_covered_display": "0", "num_branches": 4, "num_partial_branches": 0, "covered_branches": 0, "missing_branches": 4, "percent_branches_covered": 0.0, "percent_branches_covered_display": "0"}, "missing_lines": [499, 500, 501, 502, 503, 504, 505, 506], "excluded_lines": [], "start_line": 493, "executed_branches": [], "missing_branches": [[503, 504], [503, 505], [505, -493], [505, 506]]}, "cmd_resume": {"executed_lines": [514, 515, 516], "summary": {"covered_lines": 3, "num_statements": 3, "percent_covered": 100.0, "percent_covered_display": "100", "missing_lines": 0, "excluded_lines": 0, "percent_statements_covered": 100.0, "percent_statements_covered_display": "100", "num_branches": 0, "num_partial_branches": 0, "covered_branches": 0, "missing_branches": 0, "percent_branches_covered": 100.0, "percent_branches_covered_display": "100"}, "missing_lines": [], "excluded_lines": [], "start_line": 508, "executed_branches": [], "missing_branches": []}, "cmd_check_safety": {"executed_lines": [], "summary": {"covered_lines": 0, "num_statements": 8, "percent_covered": 0.0, "percent_covered_display": "0", "missing_lines": 8, "excluded_lines": 0, "percent_statements_covered": 0.0, "percent_statements_covered_display": "0", "num_branches": 2, "num_partial_branches": 0, "covered_branches": 0, "missing_branches": 2, "percent_branches_covered": 0.0, "percent_branches_covered_display": "0"}, "missing_lines": [524, 525, 526, 527, 528, 529, 530, 531], "excluded_lines": [], "start_line": 518, "executed_branches": [], "missing_branches": [[529, 530], [529, 531]]}, "cmd_wallet_export": {"executed_lines": [], "summary": {"covered_lines": 0, "num_statements": 8, "percent_covered": 0.0, "percent_covered_display": "0", "missing_lines": 8, "excluded_lines": 0, "percent_statements_covered": 0.0, "percent_statements_covered_display": "0", "num_branches": 0, "num_partial_branches": 0, "covered_branches": 0, "missing_branches": 0, "percent_branches_covered": 100.0, "percent_branches_covered_display": "100"}, "missing_lines": [539, 540, 541, 542, 544, 546, 547, 548], "excluded_lines": [], "start_line": 533, "executed_branches": [], "missing_branches": []}, "cmd_wallet_import": {"executed_lines": [], "summary": {"covered_lines": 0, "num_statements": 11, "percent_covered": 0.0, "percent_covered_display": "0", "missing_lines": 11, "excluded_lines": 0, "percent_statements_covered": 0.0, "percent_statements_covered_display": "0", "num_branches": 0, "num_partial_branches": 0, "covered_branches": 0, "missing_branches": 0, "percent_branches_covered": 100.0, "percent_branches_covered_display": "100"}, "missing_lines": [556, 557, 558, 559, 560, 561, 562, 569, 570, 571, 572], "excluded_lines": [], "start_line": 550, "executed_branches": [], "missing_branches": []}, "cmd_agent_loop": {"executed_lines": [], "summary": {"covered_lines": 0, "num_statements": 4, "percent_covered": 0.0, "percent_covered_display": "0", "missing_lines": 4, "excluded_lines": 0, "percent_statements_covered": 0.0, "percent_statements_covered_display": "0", "num_branches": 0, "num_partial_branches": 0, "covered_branches": 0, "missing_branches": 0, "percent_branches_covered": 100.0, "percent_branches_covered_display": "100"}, "missing_lines": [580, 581, 582, 583], "excluded_lines": [], "start_line": 574, "executed_branches": [], "missing_branches": []}, "cmd_send_message": {"executed_lines": [], "summary": {"covered_lines": 0, "num_statements": 24, "percent_covered": 0.0, "percent_covered_display": "0", "missing_lines": 24, "excluded_lines": 0, "percent_statements_covered": 0.0, "perc
[...]
_statements_covered": 100.0, "percent_statements_covered_display": "100", "num_branches": 0, "num_partial_branches": 0, "covered_branches": 0, "missing_branches": 0, "percent_branches_covered": 100.0, "percent_branches_covered_display": "100"}, "missing_lines": [], "excluded_lines": [], "start_line": 134, "executed_branches": [], "missing_branches": []}, "ImportResult": {"executed_lines": [165], "summary": {"covered_lines": 1, "num_statements": 1, "percent_covered": 100.0, "percent_covered_display": "100", "missing_lines": 0, "excluded_lines": 0, "percent_statements_covered": 100.0, "percent_statements_covered_display": "100", "num_branches": 0, "num_partial_branches": 0, "covered_branches": 0, "missing_branches": 0, "percent_branches_covered": 100.0, "percent_branches_covered_display": "100"}, "missing_lines": [], "excluded_lines": [], "start_line": 156, "executed_branches": [], "missing_branches": []}, "": {"executed_lines": [36, 37, 38, 39, 40, 41, 42, 43, 44, 45, 46, 47, 49, 50, 56, 66, 67, 74, 75, 76, 88, 90, 97, 98, 100, 101, 102, 103, 105, 114, 115, 117, 118, 119, 120, 122, 133, 134, 136, 137, 138, 139, 140, 141, 143, 155, 156, 158, 159, 160, 161, 162, 164, 179, 184, 185, 186, 187, 188, 189, 190, 191, 192, 193, 194, 196, 201, 204, 212, 213, 214, 215, 218, 224, 225, 226, 227, 234, 255, 256, 259, 260, 261, 262, 265, 266, 267, 269, 270, 271, 272, 273, 275, 276, 277, 278, 279, 280, 283, 284, 285, 286, 288, 291, 292, 294, 302, 320, 325, 326, 329, 330, 331, 332, 335, 336, 337, 338, 339, 340, 342, 345, 360, 362, 363, 364, 365, 366, 367, 368, 370, 371, 374, 376, 377, 384, 391, 413, 415, 416, 418, 419, 420, 422, 423, 426, 427, 430, 431, 432, 433, 435, 444, 447, 466, 467, 468, 469, 472, 473, 477, 478, 479, 480, 483, 484, 486, 487, 488, 489, 492, 493, 494, 495, 500, 501, 502, 504, 505, 508, 515, 542, 543, 550, 551, 553, 556, 557, 567, 568, 569, 570, 580, 583, 584, 585, 586, 592, 593, 598, 605, 614, 620, 623, 624, 648, 649, 652, 657, 658, 659, 661, 664, 673, 693, 694, 697, 698, 701, 702, 703, 704, 705, 707, 709, 712, 715, 716, 717, 718, 721, 730, 731, 732, 734, 735, 738, 759, 760, 761, 764, 765, 766, 767, 775, 776, 786, 787, 788, 789, 797, 798, 807, 808, 809, 810, 811, 812, 815, 816, 817, 818, 819, 820, 821, 824, 825, 826, 827, 834, 835, 836, 837, 838, 843, 844, 845, 846, 847, 849, 854, 857, 858, 861, 862, 864, 865, 866, 867, 868, 870, 871, 872, 873, 874, 875, 878, 879, 880, 881, 883, 886, 889, 890, 891, 892, 895, 896, 897, 898, 904, 905, 909, 922, 924, 925, 926, 927, 928, 929, 932, 939, 940, 941, 942, 943, 946, 960, 961, 962, 965, 966, 967, 968, 969, 970, 972, 973, 974, 975, 976, 978, 980, 982, 983, 984, 986, 987, 988, 990, 993, 995, 996, 998, 999, 1001, 1002, 1003, 1004, 1006, 1013, 1015, 1016, 1018, 1019, 1026, 1027, 1028, 1035, 1037, 1039, 1041, 1042, 1043, 1047, 1052, 1053, 1054, 1060, 1062, 1064, 1065, 1072, 1074, 1075, 1078, 1079, 1080, 1081, 1085, 1088, 1090, 1091, 1093, 1094, 1101, 1102, 1103, 1110, 1112, 1113, 1115, 1116, 1117, 1118, 1122, 1123, 1124, 1130, 1132, 1134, 1135, 1142, 1144, 1145, 1147, 1148, 1150, 1151, 1152, 1154, 1155, 1156, 1158, 1163, 1166, 1226], "summary": {"covered_lines": 427, "num_statements": 514, "percent_covered": 80.02873563218391, "percent_covered_display": "80", "missing_lines": 87, "excluded_lines": 0, "percent_statements_covered": 83.07392996108949, "percent_statements_covered_display": "83", "num_branches": 182, "num_partial_branches": 28, "covered_branches": 130, "missing_branches": 52, "percent_branches_covered": 71.42857142857143, "percent_branches_covered_display": "71"}, "missing_lines": [474, 485, 496, 497, 506, 558, 559, 571, 572, 594, 595, 599, 600, 601, 602, 603, 626, 627, 628, 629, 631, 633, 636, 637, 638, 639, 640, 641, 642, 644, 645, 777, 828, 829, 830, 831, 839, 840, 841, 850, 851, 852, 906, 907, 994, 1044, 1045, 1046, 1048, 1049, 1050, 1056, 1057, 1083, 1119, 1120, 1126, 1127, 1159, 1160, 1161, 1173, 1177, 1180, 1184, 1185, 1188, 1192, 1193, 1194, 1197, 1201, 1202, 1205, 1209, 1211, 1213, 1214, 1215, 1216, 1217, 1218, 1219, 1220, 1222, 1223, 1227], "excluded_lines": [], "start_line": 1, "executed_branches": [[184, 185], [184, 186], [187, -179], [187, 188], [189, 190], [189, 191], [214, -204], [214, 215], [225, 226], [225, 227], [260, 261], [260, 265], [269, 270], [269, 275], [271, 272], [275, 276], [275, 283], [277, 275], [277, 278], [325, 326], [325, 329], [331, 332], [331, 335], [335, 336], [335, 342], [339, 335], [339, 340], [362, 363], [362, 370], [365, 366], [365, 367], [371, 374], [371, 384], [374, 371], [374, 376], [376, 371], [376, 377], [419, 420], [472, 473], [472, 477], [473, 472], [479, 480], [479, 483], [484, 486], [488, 489], [488, 492], [505, 508], [542, 543], [542, 550], [598, 605], [624, 648], [697, 698], [697, 701], [702, 703], [702, 707], [703, 702], [703, 704], [707, 709], [707, 712], [717, 718], [731, 732], [731, 734], [776, 786], [797, 798], [797, 807], [809, 810], [809, 815], [811, 812], [816, 817], [818, 819], [818, 824], [820, 821], [825, 826], [825, 857], [836, 837], [838, 843], [844, 845], [844, 849], [849, 854], [864, 865], [864, 870], [866, 867], [870, 871], [870, 878], [872, 873], [925, 926], [925, 929], [927, 928], [941, 942], [941, 943], [966, 967], [966, 972], [967, 966], [967, 968], [969, 970], [972, 973], [972, 1006], [978, 980], [978, 982], [983, 984], [983, 986], [987, 988], [987, 990], [990, 993], [990, 998], [993, 995], [998, 999], [998, 1001], [1018, 1019], [1018, 1027], [1027, 1028], [1027, 1037], [1043, 1047], [1047, 1052], [1052, 1053], [1064, 1065], [1064, 1074], [1078, 1079], [1093, 1094], [1093, 1102], [1102, 1103], [1102, 1112], [1118, 1122], [1122, 1123], [1134, 1135], [1134, 1144], [1154, 1155], [1154, 1158], [1158, 1163], [1226, -1]], "missing_branches": [[271, 269], [419, 422], [473, 474], [484, 485], [505, 506], [598, 599], [624, 626], [627, 628], [627, 648], [631, 633], [631, 648], [638, 639], [638, 644], [639, 640], [639, 644], [640, 639], [640, 641], [717, 721], [776, 777], [811, 809], [816, 824], [820, 818], [836, 854], [838, 839], [849, 850], [866, 864], [872, 870], [927, 925], [969, 966], [993, 994], [1043, 1044], [1045, 1046], [1045, 1047], [1047, 1048], [1049, 1050], [1049, 1052], [1052, 1056], [1078, 1083], [1118, 1119], [1119, 1120], [1119, 1122], [1122, 1126], [1158, 1159], [1213, 1214], [1213, 1215], [1215, 1216], [1215, 1217], [1217, 1218], [1217, 1219], [1219, 1220], [1219, 1222], [1226, 1227]]}}}, "src\\provara\\sync_v1.py": {"executed_lines": [], "summary": {"covered_lines": 0, "num_statements": 30, "percent_covered": 0.0, "percent_covered_display": "0", "missing_lines": 30, "excluded_lines": 0, "percent_statements_covered": 0.0, "percent_statements_covered_display": "0", "num_branches": 0, "num_partial_branches": 0, "covered_branches": 0, "missing_branches": 0, "percent_branches_covered": 100.0, "percent_branches_covered_display": "100"}, "missing_lines": [8, 9, 10, 11, 13, 14, 16, 17, 18, 20, 21, 23, 24, 25, 27, 28, 30, 31, 32, 33, 35, 49, 51, 59, 61, 66, 68, 72, 74, 79], "excluded_lines": [], "executed_branches": [], "missing_branches": [], "functions": {"merge_v1": {"executed_lines": [], "summary": {"covered_lines": 0, "num_statements": 1, "percent_covered": 0.0, "percent_covered_display": "0", "missing_lines": 1, "excluded_lines": 0, "percent_statements_covered": 0.0, "percent_statements_covered_display": "0", "num_branches": 0, "num_partial_branches": 0, "covered_branches": 0, "missing_branches": 0, "percent_branches_covered": 100.0, "percent_branches_covered_display": "100"}, "missing_lines": [49], "excluded_lines": [], "start_line": 35, "executed_branches": [], "missing_branches": []}, "get_causal_delta": {"executed_lines": [], "summary": {"covered_lines": 0, "num_statements": 1, "percent_covered": 0.0, "percent_covered_display": "0", "missing_lines": 1, "excluded_lines": 0, "percent_statements_covered": 0.0, "percent_statements_covered_display": "0", "num_branches": 0, "num_partial_branches": 0, "covered_branches": 0, "missing_branches": 0, "percent_branches_covered": 100.0, "percent_branches_covered_display": "100"}, "missing_lines": [59], "excluded_lines": [], "start_line": 51, "executed_branches": [], "missing_branches": []}, "compute_state_vector": {"executed_lines": [], "summary": {"covered_lines": 0, "num_statements": 1, "percent_covered": 0.0, "percent_covered_display": "0", "missing_lines": 1, "excluded_lines": 0, "percent_statements_covered": 0.0, "percent_statements_covered_display": "0", "num_branches": 0, "num_partial_branches": 0, "covered_branches": 0, "missing_branches": 0, "percent_branches_covered": 100.0, "percent_branches_covered_display": "100"}, "missing_lines": [66], "excluded_lines": [], "start_line": 61, "executed_branches": [], "missing_branches": []}, "detect_forks_v1": {"executed_lines": [], "summary": {"covered_lines": 0, "num_statements": 1, "percent_covered": 0.0, "percent_covered_display": "0", "missing_lines": 1, "excluded_lines": 0, "percent_statements_covered": 0.0, "percent_statements_covered_display": "0", "num_branches": 0, "num_partial_branches": 0, "covered_branches": 0, "missing_branches": 0, "percent_branches_covered": 100.0, "percent_branches_covered_display": "100"}, "missing_lines": [72], "excluded_lines": [], "start_line": 68, "executed_branches": [], "missing_branches": []}, "get_total_order_key": {"executed_lines": [], "summary": {"covered_lines": 0, "num_statements": 1, "percent_covered": 0.0, "percent_covered_display": "0", "missing_lines": 1, "excluded_lines": 0, "percent_statements_covered": 0.0, "percent_statements_covered_display": "0", "num_branches": 0, "num_partial_branches": 0, "covered_branches": 0, "missing_branches": 0, "percent_branches_covered": 100.0, "percent_branches_covered_display": "100"}, "missing_lines": [79], "excluded_lines": [], "start_line": 74, "executed_branches": [], "missing_branches": []}, "": {"executed_lines": [], "summary": {"covered_lines": 0, "num_statements": 25, "percent_covered": 0.0, "percent_covered_display": "0", "missing_lines": 25, "excluded_lines": 0, "percent_statements_covered": 0.0, "percent_statements_covered_display": "0", "num_branches": 0, "num_partial_branches": 0, "covered_branches": 0, "missing_branches": 0, "percent_branches_covered": 100.0, "percent_branches_covered_display": "100"}, "missing_lines": [8, 9, 10, 11, 13, 14, 16, 17, 18, 20, 21, 23, 24, 25, 27, 28, 30, 31, 32, 33, 35, 51, 61, 68, 74], "excluded_lines": [], "start_line": 1, "executed_branches": [], "missing_branches": []}}, "classes": {"CausalFork": {"executed_lines": [], "summary": {"covered_lines": 0, "num_statements": 0, "percent_covered": 100.0, "percent_covered_display": "100", "missing_lines": 0, "excluded_lines": 0, "percent_statements_covered": 100.0, "percent_statements_covered_display": "100", "num_branches": 0, "num_partial_branches": 0, "covered_branches": 0, "missing_branches": 0, "percent_branches_covered": 100.0, "percent_branches_covered_display": "100"}, "missing_lines": [], "excluded_lines": [], "start_line": 14, "executed_branches": [], "missing_branches": []}, "SyncDelta": {"executed_lines": [], "summary": {"covered_lines": 0, "num_statements": 0, "percent_covered": 100.0, "percent_covered_display": "100", "missing_lines": 0, "excluded_lines": 0, "percent_statements_covered": 100.0, "percent_statements_covered_display": "100", "num_branches": 0, "num_partial_branches": 0, "covered_branches": 0, "missing_branches": 0, "percent_branches_covered": 100.0, "percent_branches_covered_display": "100"}, "missing_lines": [], "excluded_lines": [], "start_line": 21, "executed_branches": [], "missing_branches": []}, "SyncV1Result": {"executed_lines": [], "summary": {"covered_lines": 0, "num_statements": 0, "percent_covered": 100.0, "percent_covered_display": "100", "missing_lines": 0, "excluded_lines": 0, "percent_statements_covered": 100.0, "percent_statements_covered_display": "100", "num_branches": 0, "num_partial_branches": 0, "covered_branches": 0, "missing_branches": 0, "percent_branches_covered": 100.0, "percent_branches_covered_display": "100"}, "missing_lines": [], "excluded_lines": [], "start_line": 28, "executed_branches": [], "missing_branches": []}, "": {"executed_lines": [], "summary": {"covered_lines": 0, "num_statements": 30, "percent_covered": 0.0, "percent_covered_display": "0", "missing_lines": 30, "excluded_lines": 0, "percent_statements_covered": 0.0, "percent_statements_covered_display": "0", "num_branches": 0, "num_partial_branches": 0, "covered_branches": 0, "missing_branches": 0, "percent_branches_covered": 100.0, "percent_branches_covered_display": "100"}, "missing_lines": [8, 9, 10, 11, 13, 14, 16, 17, 18, 20, 21, 23, 24, 25, 27, 28, 30, 31, 32, 33, 35, 49, 51, 59, 61, 66, 68, 72, 74, 79], "excluded_lines": [], "start_line": 1, "executed_branches": [], "missing_branches": []}}}, "src\\provara\\timestamp.py": {"executed_lines": [8, 9, 10, 11, 12, 13, 14, 16, 17, 18, 19, 22, 24, 47, 51, 52, 54, 56, 57, 59, 60, 62, 63, 65, 67, 93, 94, 96, 97, 98, 99, 101, 104, 105, 108, 109, 111, 112, 115, 116, 119, 135, 136, 137, 140, 141, 143], "summary": {"covered_lines": 47, "num_statements": 49, "percent_covered": 92.45283018867924, "percent_covered_display": "92", "missing_lines": 2, "excluded_lines": 0, "percent_statements_covered": 95.91836734693878, "percent_statements_covered_display": "96", "num_branches": 4, "num_partial_branches": 2, "covered_branches": 2, "missing_branches": 2, "percent_branches_covered": 50.0, "percent_branches_covered_display": "50"}, "missing_lines": [61, 64], "excluded_lines": [], "executed_branches": [[60, 62], [63, 65]], "missing_branches": [[60, 61], [63, 64]], "functions": {"get_rfc3161_timestamp": {"executed_lines": [47, 51, 52, 54, 56, 57, 59, 60, 62, 63, 65], "summary": {"covered_lines": 11, "num_statements": 13, "percent_covered": 76.47058823529412, "percent_covered_display": "76", "missing_lines": 2, "excluded_lines": 0, "percent_statements_covered": 84.61538461538461, "percent_statements_covered_display": "85", "num_branches": 4, "num_partial_branches": 2, "covered_branches": 2, "missing_branches": 2, "percent_branches_covered": 50.0, "percent_branches_covered_display": "50"}, "missing_lines": [61, 64], "excluded_lines": [], "start_line": 24, "executed_branches": [[60, 62], [63, 65]], "missing_branches": [[60, 61], [63, 64]]}, "record_timestamp_anchor": {"executed_lines": [93, 94, 96, 97, 98, 99, 101, 104, 105, 108, 109, 111, 112, 115, 116, 119, 135, 136, 137, 140, 141, 143], "summary": {"covered_lines": 22, "num_statements": 22, "percent_covered": 100.0, "percent_covered_display": "100", "missing_lines": 0, "excluded_lines": 0, "percent_statements_covered": 100.0, "percent_statements_covered_display": "100", "num_branches": 0, "num_partial_branches": 0, "covered_branches": 0, "missing_branches": 0, "percent_branches_covered": 100.0, "percent_branches_covered_display": "100"}, "missing_lines": [], "excluded_lines": [], "start_line": 67, "executed_branches": [], "missing_branches": []}, "": {"executed_lines": [8, 9, 10, 11, 12, 13, 14, 16, 17, 18, 19, 22, 24, 67], "summary": {"covered_lines": 14, "num_statements": 14, "percent_covered": 100.0, "percent_covered_display": "100", "missing_lines": 0, "excluded_lines": 0, "percent_statements_covered": 100.0, "percent_statements_covered_display": "100", "num_branches": 0, "num_partial_branches": 0, "covered_branches": 0, "missing_branches": 0, "percent_branches_covered": 100.0, "percent_branches_covered_display": "100"}, "missing_lines": [], "excluded_lines": [], "start_line": 1, "executed_branches": [], "missing_branches": []}}, "classes": {"": {"executed_lines": [8, 9, 10, 11, 12, 13, 14, 16, 17, 18, 19, 22, 24, 47, 51, 52, 54, 56, 57, 59, 60, 62, 63, 65, 67, 93, 94, 96, 97, 98, 99, 101, 104, 105, 108, 109, 111, 112, 115, 116, 119, 135, 136, 137, 140, 141, 143], "summary": {"covered_lines": 47, "num_statements": 49, "percent_covered": 92.45283018867924, "percent_covered_display": "92", "missing_lines": 2, "excluded_lines": 0, "percent_statements_covered": 95.91836734693878, "percent_statements_covered_display": "96", "num_branches": 4, "num_partial_branches": 2, "covered_branches": 2, "missing_branches": 2, "percent_branches_covered": 50.0, "percent_branches_covered_display": "50"}, "missing_lines": [61, 64], "excluded_lines": [], "start_line": 1, "executed_branches": [[60, 62], [63, 65]], "missing_branches": [[60, 61], [63, 64]]}}}, "src\\provara\\wallet.py": {"executed_lines": [], "summary": {"covered_lines": 0, "num_statements": 25, "percent_covered": 0.0, "percent_covered_display": "0", "missing_lines": 25, "excluded_lines": 0, "percent_statements_covered": 0.0, "percent_statements_covered_display": "0", "num_branches": 2, "num_partial_branches": 0, "covered_branches": 0, "missing_branches": 2, "percent_branches_covered": 0.0, "percent_branches_covered_display": "0"}, "missing_lines": [12, 13, 14, 15, 16, 18, 22, 24, 29, 46, 49, 56, 57, 63, 66, 68, 83, 84, 91, 94, 97, 105, 106, 111, 113], "excluded_lines": [], "executed_branches": [], "missing_branches": [[83, 84], [83, 91]], "functions": {"export_to_solana": {"executed_lines": [], "summary": {"covered_lines": 0, "num_statements": 6, "percent_covered": 0.0, "percent_covered_display": "0", "missing_lines": 6, "excluded_lines": 0, "percent_statements_covered": 0.0, "percent_statements_covered_display": "0", "num_branches": 0, "num_partial_branches": 0, "covered_branches": 0, "missing_branches": 0, "percent_branches_covered": 100.0, "percent_branches_covered_display": "100"}, "missing_lines": [46, 49, 56, 57, 63, 66], "excluded_lines": [], "start_line": 29, "executed_branches": [], "missing_branches": []}, "import_from_solana": {"executed_lines": [], "summary": {"covered_lines": 0, "num_statements": 9, "percent_covered": 0.0, "percent_covered_display": "0", "missing_lines": 9, "excluded_lines": 0, "percent_statements_covered": 0.0, "percent_statements_covered_display": "0", "num_branches": 2, "num_partial_branches": 0, "covered_branches": 0, "missing_branches": 2, "percent_branches_covered": 0.0, "percent_branches_covered_display": "0"}, "missing_lines": [83, 84, 91, 94, 97, 105, 106, 111, 113], "excluded_lines": [], "start_line": 68, "executed_branches": [], "missing_branches": [[83, 84], [83, 91]]}, "": {"executed_lines": [], "summary": {"covered_lines": 0, "num_statements": 10, "percent_covered": 0.0, "percent_covered_display": "0", "missing_lines": 10, "excluded_lines": 0, "percent_statements_covered": 0.0, "percent_statements_covered_display": "0", "num_branches": 0, "num_partial_branches": 0, "covered_branches": 0, "missing_branches": 0, "percent_branches_covered": 100.0, "percent_branches_covered_display": "100"}, "missing_lines": [12, 13, 14, 15, 16, 18, 22, 24, 29, 68], "excluded_lines": [], "start_line": 1, "executed_branches": [], "missing_branches": []}}, "classes": {"": {"executed_lines": [], "summary": {"covered_lines": 0, "num_statements": 25, "percent_covered": 0.0, "percent_covered_display": "0", "missing_lines": 25, "excluded_lines": 0, "percent_statements_covered": 0.0, "percent_statements_covered_display": "0", "num_branches": 2, "num_partial_branches": 0, "covered_branches": 0, "missing_branches": 2, "percent_branches_covered": 0.0, "percent_branches_covered_display": "0"}, "missing_lines": [12, 13, 14, 15, 16, 18, 22, 24, 29, 46, 49, 56, 57, 63, 66, 68, 83, 84, 91, 94, 97, 105, 106, 111, 113], "excluded_lines": [], "start_line": 1, "executed_branches": [], "missing_branches": [[83, 84], [83, 91]]}}}}, "totals": {"covered_lines": 1813, "num_statements": 2740, "percent_covered": 64.50867052023122, "percent_covered_display": "65", "missing_lines": 927, "excluded_lines": 0, "percent_statements_covered": 66.16788321167883, "percent_statements_covered_display": "66", "num_branches": 720, "num_partial_branches": 101, "covered_branches": 419, "missing_branches": 301, "percent_branches_covered": 58.19444444444444, "percent_branches_covered_display": "58"}}